TN:
SF:/home/rggentil/Documents/master_ethereum/design_and_development/modulo4/mydapp/RPS/truffle-config.js
FNF:0
FNH:0
DA:15,0
LF:1
LH:0
BRF:0
BRH:0
end_of_record
TN:
SF:/home/rggentil/Documents/master_ethereum/design_and_development/modulo4/mydapp/RPS/truffle.js
FNF:0
FNH:0
DA:15,0
LF:1
LH:0
BRF:0
BRH:0
end_of_record
TN:
SF:/home/rggentil/Documents/master_ethereum/design_and_development/modulo4/mydapp/RPS/migrations/1_initial_migration.js
FN:3,(anonymous_0)
FNF:1
FNH:0
FNDA:0,(anonymous_0)
DA:1,0
DA:3,0
DA:4,0
LF:3
LH:0
BRF:0
BRH:0
end_of_record
TN:
SF:/home/rggentil/Documents/master_ethereum/design_and_development/modulo4/mydapp/RPS/migrations/2_deploy_contracts.js
FN:3,(anonymous_0)
FNF:1
FNH:0
FNDA:0,(anonymous_0)
DA:1,0
DA:3,0
DA:4,0
LF:3
LH:0
BRF:0
BRH:0
end_of_record
TN:
SF:/home/rggentil/Documents/master_ethereum/design_and_development/modulo4/mydapp/RPS/src/js/bootstrap.min.js
FN:6,(anonymous_0)
FN:6,(anonymous_1)
FN:6,b
FN:6,(anonymous_3)
FN:6,(anonymous_4)
FN:6,(anonymous_5)
FN:6,(anonymous_6)
FN:6,(anonymous_7)
FN:6,(anonymous_8)
FN:6,b
FN:6,(anonymous_10)
FN:6,(anonymous_11)
FN:6,(anonymous_12)
FN:6,c
FN:6,(anonymous_14)
FN:6,(anonymous_15)
FN:6,b
FN:6,(anonymous_17)
FN:6,(anonymous_18)
FN:6,(anonymous_19)
FN:6,(anonymous_20)
FN:6,(anonymous_21)
FN:6,(anonymous_22)
FN:6,(anonymous_23)
FN:6,(anonymous_24)
FN:6,(anonymous_25)
FN:6,b
FN:6,(anonymous_27)
FN:6,(anonymous_28)
FN:6,(anonymous_29)
FN:6,(anonymous_30)
FN:6,(anonymous_31)
FN:6,(anonymous_32)
FN:6,(anonymous_33)
FN:6,(anonymous_34)
FN:6,(anonymous_35)
FN:6,(anonymous_36)
FN:6,(anonymous_37)
FN:6,(anonymous_38)
FN:6,(anonymous_39)
FN:6,(anonymous_40)
FN:6,(anonymous_41)
FN:6,(anonymous_42)
FN:6,(anonymous_43)
FN:6,(anonymous_44)
FN:6,(anonymous_45)
FN:6,b
FN:6,c
FN:6,(anonymous_48)
FN:6,(anonymous_49)
FN:6,(anonymous_50)
FN:6,(anonymous_51)
FN:6,(anonymous_52)
FN:6,(anonymous_53)
FN:6,(anonymous_54)
FN:6,(anonymous_55)
FN:6,(anonymous_56)
FN:6,(anonymous_57)
FN:6,(anonymous_58)
FN:6,(anonymous_59)
FN:6,(anonymous_60)
FN:6,(anonymous_61)
FN:6,b
FN:6,c
FN:6,(anonymous_64)
FN:6,d
FN:6,(anonymous_66)
FN:6,(anonymous_67)
FN:6,(anonymous_68)
FN:6,(anonymous_69)
FN:6,(anonymous_70)
FN:6,(anonymous_71)
FN:6,(anonymous_72)
FN:6,b
FN:6,(anonymous_74)
FN:6,(anonymous_75)
FN:6,(anonymous_76)
FN:6,(anonymous_77)
FN:6,(anonymous_78)
FN:6,(anonymous_79)
FN:6,(anonymous_80)
FN:6,(anonymous_81)
FN:6,(anonymous_82)
FN:6,(anonymous_83)
FN:6,(anonymous_84)
FN:6,(anonymous_85)
FN:6,(anonymous_86)
FN:6,(anonymous_87)
FN:6,(anonymous_88)
FN:6,(anonymous_89)
FN:6,(anonymous_90)
FN:6,(anonymous_91)
FN:6,(anonymous_92)
FN:6,(anonymous_93)
FN:6,(anonymous_94)
FN:6,(anonymous_95)
FN:6,(anonymous_96)
FN:6,(anonymous_97)
FN:6,(anonymous_98)
FN:6,(anonymous_99)
FN:6,(anonymous_100)
FN:6,(anonymous_101)
FN:6,(anonymous_102)
FN:6,(anonymous_103)
FN:6,(anonymous_104)
FN:6,(anonymous_105)
FN:6,(anonymous_106)
FN:6,b
FN:6,(anonymous_108)
FN:6,(anonymous_109)
FN:6,(anonymous_110)
FN:6,(anonymous_111)
FN:6,(anonymous_112)
FN:6,(anonymous_113)
FN:6,(anonymous_114)
FN:6,(anonymous_115)
FN:6,(anonymous_116)
FN:6,(anonymous_117)
FN:6,(anonymous_118)
FN:6,(anonymous_119)
FN:6,(anonymous_120)
FN:6,(anonymous_121)
FN:6,(anonymous_122)
FN:6,(anonymous_123)
FN:6,(anonymous_124)
FN:6,(anonymous_125)
FN:6,(anonymous_126)
FN:6,d
FN:6,(anonymous_128)
FN:6,(anonymous_129)
FN:6,(anonymous_130)
FN:6,(anonymous_131)
FN:6,(anonymous_132)
FN:6,(anonymous_133)
FN:6,(anonymous_134)
FN:6,(anonymous_135)
FN:6,(anonymous_136)
FN:6,(anonymous_137)
FN:6,(anonymous_138)
FN:6,(anonymous_139)
FN:6,(anonymous_140)
FN:6,(anonymous_141)
FN:6,(anonymous_142)
FN:6,(anonymous_143)
FN:6,(anonymous_144)
FN:6,b
FN:6,(anonymous_146)
FN:6,(anonymous_147)
FN:6,(anonymous_148)
FN:6,(anonymous_149)
FN:6,(anonymous_150)
FN:6,(anonymous_151)
FN:6,(anonymous_152)
FN:6,(anonymous_153)
FN:6,(anonymous_154)
FN:6,b
FN:6,c
FN:6,(anonymous_157)
FN:6,(anonymous_158)
FN:6,(anonymous_159)
FN:6,(anonymous_160)
FN:6,(anonymous_161)
FN:6,(anonymous_162)
FN:6,(anonymous_163)
FN:6,(anonymous_164)
FN:7,(anonymous_165)
FN:7,(anonymous_166)
FN:7,(anonymous_167)
FN:7,(anonymous_168)
FN:7,(anonymous_169)
FN:7,b
FN:7,(anonymous_171)
FN:7,(anonymous_172)
FN:7,(anonymous_173)
FN:7,(anonymous_174)
FN:7,(anonymous_175)
FN:7,f
FN:7,(anonymous_177)
FN:7,(anonymous_178)
FN:7,(anonymous_179)
FN:7,b
FN:7,(anonymous_181)
FN:7,(anonymous_182)
FN:7,(anonymous_183)
FN:7,(anonymous_184)
FN:7,(anonymous_185)
FN:7,(anonymous_186)
FN:7,(anonymous_187)
FN:7,(anonymous_188)
FN:7,(anonymous_189)
FNF:190
FNH:0
FNDA:0,(anonymous_0)
FNDA:0,(anonymous_1)
FNDA:0,b
FNDA:0,(anonymous_3)
FNDA:0,(anonymous_4)
FNDA:0,(anonymous_5)
FNDA:0,(anonymous_6)
FNDA:0,(anonymous_7)
FNDA:0,(anonymous_8)
FNDA:0,b
FNDA:0,(anonymous_10)
FNDA:0,(anonymous_11)
FNDA:0,(anonymous_12)
FNDA:0,c
FNDA:0,(anonymous_14)
FNDA:0,(anonymous_15)
FNDA:0,b
FNDA:0,(anonymous_17)
FNDA:0,(anonymous_18)
FNDA:0,(anonymous_19)
FNDA:0,(anonymous_20)
FNDA:0,(anonymous_21)
FNDA:0,(anonymous_22)
FNDA:0,(anonymous_23)
FNDA:0,(anonymous_24)
FNDA:0,(anonymous_25)
FNDA:0,b
FNDA:0,(anonymous_27)
FNDA:0,(anonymous_28)
FNDA:0,(anonymous_29)
FNDA:0,(anonymous_30)
FNDA:0,(anonymous_31)
FNDA:0,(anonymous_32)
FNDA:0,(anonymous_33)
FNDA:0,(anonymous_34)
FNDA:0,(anonymous_35)
FNDA:0,(anonymous_36)
FNDA:0,(anonymous_37)
FNDA:0,(anonymous_38)
FNDA:0,(anonymous_39)
FNDA:0,(anonymous_40)
FNDA:0,(anonymous_41)
FNDA:0,(anonymous_42)
FNDA:0,(anonymous_43)
FNDA:0,(anonymous_44)
FNDA:0,(anonymous_45)
FNDA:0,b
FNDA:0,c
FNDA:0,(anonymous_48)
FNDA:0,(anonymous_49)
FNDA:0,(anonymous_50)
FNDA:0,(anonymous_51)
FNDA:0,(anonymous_52)
FNDA:0,(anonymous_53)
FNDA:0,(anonymous_54)
FNDA:0,(anonymous_55)
FNDA:0,(anonymous_56)
FNDA:0,(anonymous_57)
FNDA:0,(anonymous_58)
FNDA:0,(anonymous_59)
FNDA:0,(anonymous_60)
FNDA:0,(anonymous_61)
FNDA:0,b
FNDA:0,c
FNDA:0,(anonymous_64)
FNDA:0,d
FNDA:0,(anonymous_66)
FNDA:0,(anonymous_67)
FNDA:0,(anonymous_68)
FNDA:0,(anonymous_69)
FNDA:0,(anonymous_70)
FNDA:0,(anonymous_71)
FNDA:0,(anonymous_72)
FNDA:0,b
FNDA:0,(anonymous_74)
FNDA:0,(anonymous_75)
FNDA:0,(anonymous_76)
FNDA:0,(anonymous_77)
FNDA:0,(anonymous_78)
FNDA:0,(anonymous_79)
FNDA:0,(anonymous_80)
FNDA:0,(anonymous_81)
FNDA:0,(anonymous_82)
FNDA:0,(anonymous_83)
FNDA:0,(anonymous_84)
FNDA:0,(anonymous_85)
FNDA:0,(anonymous_86)
FNDA:0,(anonymous_87)
FNDA:0,(anonymous_88)
FNDA:0,(anonymous_89)
FNDA:0,(anonymous_90)
FNDA:0,(anonymous_91)
FNDA:0,(anonymous_92)
FNDA:0,(anonymous_93)
FNDA:0,(anonymous_94)
FNDA:0,(anonymous_95)
FNDA:0,(anonymous_96)
FNDA:0,(anonymous_97)
FNDA:0,(anonymous_98)
FNDA:0,(anonymous_99)
FNDA:0,(anonymous_100)
FNDA:0,(anonymous_101)
FNDA:0,(anonymous_102)
FNDA:0,(anonymous_103)
FNDA:0,(anonymous_104)
FNDA:0,(anonymous_105)
FNDA:0,(anonymous_106)
FNDA:0,b
FNDA:0,(anonymous_108)
FNDA:0,(anonymous_109)
FNDA:0,(anonymous_110)
FNDA:0,(anonymous_111)
FNDA:0,(anonymous_112)
FNDA:0,(anonymous_113)
FNDA:0,(anonymous_114)
FNDA:0,(anonymous_115)
FNDA:0,(anonymous_116)
FNDA:0,(anonymous_117)
FNDA:0,(anonymous_118)
FNDA:0,(anonymous_119)
FNDA:0,(anonymous_120)
FNDA:0,(anonymous_121)
FNDA:0,(anonymous_122)
FNDA:0,(anonymous_123)
FNDA:0,(anonymous_124)
FNDA:0,(anonymous_125)
FNDA:0,(anonymous_126)
FNDA:0,d
FNDA:0,(anonymous_128)
FNDA:0,(anonymous_129)
FNDA:0,(anonymous_130)
FNDA:0,(anonymous_131)
FNDA:0,(anonymous_132)
FNDA:0,(anonymous_133)
FNDA:0,(anonymous_134)
FNDA:0,(anonymous_135)
FNDA:0,(anonymous_136)
FNDA:0,(anonymous_137)
FNDA:0,(anonymous_138)
FNDA:0,(anonymous_139)
FNDA:0,(anonymous_140)
FNDA:0,(anonymous_141)
FNDA:0,(anonymous_142)
FNDA:0,(anonymous_143)
FNDA:0,(anonymous_144)
FNDA:0,b
FNDA:0,(anonymous_146)
FNDA:0,(anonymous_147)
FNDA:0,(anonymous_148)
FNDA:0,(anonymous_149)
FNDA:0,(anonymous_150)
FNDA:0,(anonymous_151)
FNDA:0,(anonymous_152)
FNDA:0,(anonymous_153)
FNDA:0,(anonymous_154)
FNDA:0,b
FNDA:0,c
FNDA:0,(anonymous_157)
FNDA:0,(anonymous_158)
FNDA:0,(anonymous_159)
FNDA:0,(anonymous_160)
FNDA:0,(anonymous_161)
FNDA:0,(anonymous_162)
FNDA:0,(anonymous_163)
FNDA:0,(anonymous_164)
FNDA:0,(anonymous_165)
FNDA:0,(anonymous_166)
FNDA:0,(anonymous_167)
FNDA:0,(anonymous_168)
FNDA:0,(anonymous_169)
FNDA:0,b
FNDA:0,(anonymous_171)
FNDA:0,(anonymous_172)
FNDA:0,(anonymous_173)
FNDA:0,(anonymous_174)
FNDA:0,(anonymous_175)
FNDA:0,f
FNDA:0,(anonymous_177)
FNDA:0,(anonymous_178)
FNDA:0,(anonymous_179)
FNDA:0,b
FNDA:0,(anonymous_181)
FNDA:0,(anonymous_182)
FNDA:0,(anonymous_183)
FNDA:0,(anonymous_184)
FNDA:0,(anonymous_185)
FNDA:0,(anonymous_186)
FNDA:0,(anonymous_187)
FNDA:0,(anonymous_188)
FNDA:0,(anonymous_189)
DA:6,0
DA:7,0
LF:2
LH:0
BRDA:6,0,0,0
BRDA:6,0,1,0
BRDA:6,1,0,0
BRDA:6,1,1,0
BRDA:6,2,0,0
BRDA:6,2,1,0
BRDA:6,2,2,0
BRDA:6,2,3,0
BRDA:6,2,4,0
BRDA:6,2,5,0
BRDA:6,3,0,0
BRDA:6,3,1,0
BRDA:6,4,0,0
BRDA:6,4,1,0
BRDA:6,5,0,0
BRDA:6,5,1,0
BRDA:6,6,0,0
BRDA:6,6,1,0
BRDA:6,7,0,0
BRDA:6,7,1,0
BRDA:6,8,0,0
BRDA:6,8,1,0
BRDA:6,9,0,0
BRDA:6,9,1,0
BRDA:6,10,0,0
BRDA:6,10,1,0
BRDA:6,11,0,0
BRDA:6,11,1,0
BRDA:6,12,0,0
BRDA:6,12,1,0
BRDA:6,13,0,0
BRDA:6,13,1,0
BRDA:6,14,0,0
BRDA:6,14,1,0
BRDA:6,15,0,0
BRDA:6,15,1,0
BRDA:6,16,0,0
BRDA:6,16,1,0
BRDA:6,17,0,0
BRDA:6,17,1,0
BRDA:6,18,0,0
BRDA:6,18,1,0
BRDA:6,19,0,0
BRDA:6,19,1,0
BRDA:6,20,0,0
BRDA:6,20,1,0
BRDA:6,21,0,0
BRDA:6,21,1,0
BRDA:6,22,0,0
BRDA:6,22,1,0
BRDA:6,23,0,0
BRDA:6,23,1,0
BRDA:6,24,0,0
BRDA:6,24,1,0
BRDA:6,25,0,0
BRDA:6,25,1,0
BRDA:6,26,0,0
BRDA:6,26,1,0
BRDA:6,27,0,0
BRDA:6,27,1,0
BRDA:6,28,0,0
BRDA:6,28,1,0
BRDA:6,29,0,0
BRDA:6,29,1,0
BRDA:6,30,0,0
BRDA:6,30,1,0
BRDA:6,31,0,0
BRDA:6,31,1,0
BRDA:6,32,0,0
BRDA:6,32,1,0
BRDA:6,33,0,0
BRDA:6,33,1,0
BRDA:6,34,0,0
BRDA:6,34,1,0
BRDA:6,35,0,0
BRDA:6,35,1,0
BRDA:6,36,0,0
BRDA:6,36,1,0
BRDA:6,37,0,0
BRDA:6,37,1,0
BRDA:6,38,0,0
BRDA:6,38,1,0
BRDA:6,39,0,0
BRDA:6,39,1,0
BRDA:6,40,0,0
BRDA:6,40,1,0
BRDA:6,41,0,0
BRDA:6,41,1,0
BRDA:6,41,2,0
BRDA:6,42,0,0
BRDA:6,42,1,0
BRDA:6,43,0,0
BRDA:6,43,1,0
BRDA:6,43,2,0
BRDA:6,44,0,0
BRDA:6,44,1,0
BRDA:6,45,0,0
BRDA:6,45,1,0
BRDA:6,46,0,0
BRDA:6,46,1,0
BRDA:6,46,2,0
BRDA:6,47,0,0
BRDA:6,47,1,0
BRDA:6,48,0,0
BRDA:6,48,1,0
BRDA:6,48,2,0
BRDA:6,48,3,0
BRDA:6,49,0,0
BRDA:6,49,1,0
BRDA:6,50,0,0
BRDA:6,50,1,0
BRDA:6,51,0,0
BRDA:6,51,1,0
BRDA:6,52,0,0
BRDA:6,52,1,0
BRDA:6,53,0,0
BRDA:6,53,1,0
BRDA:6,54,0,0
BRDA:6,54,1,0
BRDA:6,55,0,0
BRDA:6,55,1,0
BRDA:6,56,0,0
BRDA:6,56,1,0
BRDA:6,57,0,0
BRDA:6,57,1,0
BRDA:6,58,0,0
BRDA:6,58,1,0
BRDA:6,58,2,0
BRDA:6,59,0,0
BRDA:6,59,1,0
BRDA:6,60,0,0
BRDA:6,60,1,0
BRDA:6,61,0,0
BRDA:6,61,1,0
BRDA:6,62,0,0
BRDA:6,62,1,0
BRDA:6,63,0,0
BRDA:6,63,1,0
BRDA:6,64,0,0
BRDA:6,64,1,0
BRDA:6,65,0,0
BRDA:6,65,1,0
BRDA:6,66,0,0
BRDA:6,66,1,0
BRDA:6,67,0,0
BRDA:6,67,1,0
BRDA:6,68,0,0
BRDA:6,68,1,0
BRDA:6,69,0,0
BRDA:6,69,1,0
BRDA:6,70,0,0
BRDA:6,70,1,0
BRDA:6,71,0,0
BRDA:6,71,1,0
BRDA:6,71,2,0
BRDA:6,72,0,0
BRDA:6,72,1,0
BRDA:6,73,0,0
BRDA:6,73,1,0
BRDA:6,74,0,0
BRDA:6,74,1,0
BRDA:6,75,0,0
BRDA:6,75,1,0
BRDA:6,75,2,0
BRDA:6,76,0,0
BRDA:6,76,1,0
BRDA:6,77,0,0
BRDA:6,77,1,0
BRDA:6,77,2,0
BRDA:6,77,3,0
BRDA:6,78,0,0
BRDA:6,78,1,0
BRDA:6,79,0,0
BRDA:6,79,1,0
BRDA:6,80,0,0
BRDA:6,80,1,0
BRDA:6,81,0,0
BRDA:6,81,1,0
BRDA:6,82,0,0
BRDA:6,82,1,0
BRDA:6,83,0,0
BRDA:6,83,1,0
BRDA:6,84,0,0
BRDA:6,84,1,0
BRDA:6,85,0,0
BRDA:6,85,1,0
BRDA:6,86,0,0
BRDA:6,86,1,0
BRDA:6,87,0,0
BRDA:6,87,1,0
BRDA:6,87,2,0
BRDA:6,88,0,0
BRDA:6,88,1,0
BRDA:6,89,0,0
BRDA:6,89,1,0
BRDA:6,90,0,0
BRDA:6,90,1,0
BRDA:6,90,2,0
BRDA:6,91,0,0
BRDA:6,91,1,0
BRDA:6,92,0,0
BRDA:6,92,1,0
BRDA:6,93,0,0
BRDA:6,93,1,0
BRDA:6,94,0,0
BRDA:6,94,1,0
BRDA:6,95,0,0
BRDA:6,95,1,0
BRDA:6,96,0,0
BRDA:6,96,1,0
BRDA:6,97,0,0
BRDA:6,97,1,0
BRDA:6,98,0,0
BRDA:6,98,1,0
BRDA:6,99,0,0
BRDA:6,99,1,0
BRDA:6,100,0,0
BRDA:6,100,1,0
BRDA:6,101,0,0
BRDA:6,101,1,0
BRDA:6,101,2,0
BRDA:6,102,0,0
BRDA:6,102,1,0
BRDA:6,103,0,0
BRDA:6,103,1,0
BRDA:6,104,0,0
BRDA:6,104,1,0
BRDA:6,105,0,0
BRDA:6,105,1,0
BRDA:6,105,2,0
BRDA:6,106,0,0
BRDA:6,106,1,0
BRDA:6,106,2,0
BRDA:6,106,3,0
BRDA:6,106,4,0
BRDA:6,106,5,0
BRDA:6,107,0,0
BRDA:6,107,1,0
BRDA:6,108,0,0
BRDA:6,108,1,0
BRDA:6,109,0,0
BRDA:6,109,1,0
BRDA:6,110,0,0
BRDA:6,110,1,0
BRDA:6,111,0,0
BRDA:6,111,1,0
BRDA:6,112,0,0
BRDA:6,112,1,0
BRDA:6,112,2,0
BRDA:6,113,0,0
BRDA:6,113,1,0
BRDA:6,114,0,0
BRDA:6,114,1,0
BRDA:6,115,0,0
BRDA:6,115,1,0
BRDA:6,116,0,0
BRDA:6,116,1,0
BRDA:6,117,0,0
BRDA:6,117,1,0
BRDA:6,118,0,0
BRDA:6,118,1,0
BRDA:6,118,2,0
BRDA:6,118,3,0
BRDA:6,119,0,0
BRDA:6,119,1,0
BRDA:6,120,0,0
BRDA:6,120,1,0
BRDA:6,121,0,0
BRDA:6,121,1,0
BRDA:6,121,2,0
BRDA:6,122,0,0
BRDA:6,122,1,0
BRDA:6,122,2,0
BRDA:6,123,0,0
BRDA:6,123,1,0
BRDA:6,124,0,0
BRDA:6,124,1,0
BRDA:6,125,0,0
BRDA:6,125,1,0
BRDA:6,126,0,0
BRDA:6,126,1,0
BRDA:6,127,0,0
BRDA:6,127,1,0
BRDA:6,128,0,0
BRDA:6,128,1,0
BRDA:6,129,0,0
BRDA:6,129,1,0
BRDA:6,130,0,0
BRDA:6,130,1,0
BRDA:6,130,2,0
BRDA:6,131,0,0
BRDA:6,131,1,0
BRDA:6,132,0,0
BRDA:6,132,1,0
BRDA:6,133,0,0
BRDA:6,133,1,0
BRDA:6,134,0,0
BRDA:6,134,1,0
BRDA:6,135,0,0
BRDA:6,135,1,0
BRDA:6,136,0,0
BRDA:6,136,1,0
BRDA:6,137,0,0
BRDA:6,137,1,0
BRDA:6,137,2,0
BRDA:6,138,0,0
BRDA:6,138,1,0
BRDA:6,139,0,0
BRDA:6,139,1,0
BRDA:6,140,0,0
BRDA:6,140,1,0
BRDA:6,140,2,0
BRDA:6,140,3,0
BRDA:6,141,0,0
BRDA:6,141,1,0
BRDA:6,142,0,0
BRDA:6,142,1,0
BRDA:6,143,0,0
BRDA:6,143,1,0
BRDA:6,144,0,0
BRDA:6,144,1,0
BRDA:6,145,0,0
BRDA:6,145,1,0
BRDA:6,146,0,0
BRDA:6,146,1,0
BRDA:6,147,0,0
BRDA:6,147,1,0
BRDA:6,148,0,0
BRDA:6,148,1,0
BRDA:6,149,0,0
BRDA:6,149,1,0
BRDA:6,150,0,0
BRDA:6,150,1,0
BRDA:6,151,0,0
BRDA:6,151,1,0
BRDA:6,152,0,0
BRDA:6,152,1,0
BRDA:6,153,0,0
BRDA:6,153,1,0
BRDA:6,154,0,0
BRDA:6,154,1,0
BRDA:6,155,0,0
BRDA:6,155,1,0
BRDA:6,156,0,0
BRDA:6,156,1,0
BRDA:6,157,0,0
BRDA:6,157,1,0
BRDA:6,158,0,0
BRDA:6,158,1,0
BRDA:6,159,0,0
BRDA:6,159,1,0
BRDA:6,160,0,0
BRDA:6,160,1,0
BRDA:6,161,0,0
BRDA:6,161,1,0
BRDA:6,162,0,0
BRDA:6,162,1,0
BRDA:6,163,0,0
BRDA:6,163,1,0
BRDA:6,164,0,0
BRDA:6,164,1,0
BRDA:6,165,0,0
BRDA:6,165,1,0
BRDA:6,166,0,0
BRDA:6,166,1,0
BRDA:6,167,0,0
BRDA:6,167,1,0
BRDA:6,168,0,0
BRDA:6,168,1,0
BRDA:6,169,0,0
BRDA:6,169,1,0
BRDA:6,170,0,0
BRDA:6,170,1,0
BRDA:6,171,0,0
BRDA:6,171,1,0
BRDA:6,171,2,0
BRDA:6,172,0,0
BRDA:6,172,1,0
BRDA:6,173,0,0
BRDA:6,173,1,0
BRDA:6,174,0,0
BRDA:6,174,1,0
BRDA:6,175,0,0
BRDA:6,175,1,0
BRDA:6,176,0,0
BRDA:6,176,1,0
BRDA:6,177,0,0
BRDA:6,177,1,0
BRDA:6,178,0,0
BRDA:6,178,1,0
BRDA:6,178,2,0
BRDA:6,179,0,0
BRDA:6,179,1,0
BRDA:6,180,0,0
BRDA:6,180,1,0
BRDA:6,181,0,0
BRDA:6,181,1,0
BRDA:6,182,0,0
BRDA:6,182,1,0
BRDA:6,183,0,0
BRDA:6,183,1,0
BRDA:6,184,0,0
BRDA:6,184,1,0
BRDA:6,185,0,0
BRDA:6,185,1,0
BRDA:6,186,0,0
BRDA:6,186,1,0
BRDA:6,187,0,0
BRDA:6,187,1,0
BRDA:6,188,0,0
BRDA:6,188,1,0
BRDA:6,189,0,0
BRDA:6,189,1,0
BRDA:6,190,0,0
BRDA:6,190,1,0
BRDA:6,191,0,0
BRDA:6,191,1,0
BRDA:6,191,2,0
BRDA:6,192,0,0
BRDA:6,192,1,0
BRDA:6,193,0,0
BRDA:6,193,1,0
BRDA:6,194,0,0
BRDA:6,194,1,0
BRDA:6,195,0,0
BRDA:6,195,1,0
BRDA:6,196,0,0
BRDA:6,196,1,0
BRDA:6,197,0,0
BRDA:6,197,1,0
BRDA:6,198,0,0
BRDA:6,198,1,0
BRDA:6,199,0,0
BRDA:6,199,1,0
BRDA:6,200,0,0
BRDA:6,200,1,0
BRDA:6,201,0,0
BRDA:6,201,1,0
BRDA:6,202,0,0
BRDA:6,202,1,0
BRDA:6,203,0,0
BRDA:6,203,1,0
BRDA:6,204,0,0
BRDA:6,204,1,0
BRDA:6,205,0,0
BRDA:6,205,1,0
BRDA:6,206,0,0
BRDA:6,206,1,0
BRDA:6,207,0,0
BRDA:6,207,1,0
BRDA:6,208,0,0
BRDA:6,208,1,0
BRDA:6,209,0,0
BRDA:6,209,1,0
BRDA:6,210,0,0
BRDA:6,210,1,0
BRDA:6,211,0,0
BRDA:6,211,1,0
BRDA:6,212,0,0
BRDA:6,212,1,0
BRDA:6,213,0,0
BRDA:6,213,1,0
BRDA:6,214,0,0
BRDA:6,214,1,0
BRDA:6,215,0,0
BRDA:6,215,1,0
BRDA:6,216,0,0
BRDA:6,216,1,0
BRDA:6,217,0,0
BRDA:6,217,1,0
BRDA:6,218,0,0
BRDA:6,218,1,0
BRDA:6,219,0,0
BRDA:6,219,1,0
BRDA:6,220,0,0
BRDA:6,220,1,0
BRDA:6,221,0,0
BRDA:6,221,1,0
BRDA:6,222,0,0
BRDA:6,222,1,0
BRDA:6,223,0,0
BRDA:6,223,1,0
BRDA:6,224,0,0
BRDA:6,224,1,0
BRDA:6,225,0,0
BRDA:6,225,1,0
BRDA:6,226,0,0
BRDA:6,226,1,0
BRDA:6,227,0,0
BRDA:6,227,1,0
BRDA:6,228,0,0
BRDA:6,228,1,0
BRDA:6,229,0,0
BRDA:6,229,1,0
BRDA:6,230,0,0
BRDA:6,230,1,0
BRDA:6,231,0,0
BRDA:6,231,1,0
BRDA:6,232,0,0
BRDA:6,232,1,0
BRDA:6,233,0,0
BRDA:6,233,1,0
BRDA:6,234,0,0
BRDA:6,234,1,0
BRDA:6,235,0,0
BRDA:6,235,1,0
BRDA:6,235,2,0
BRDA:6,236,0,0
BRDA:6,236,1,0
BRDA:6,237,0,0
BRDA:6,237,1,0
BRDA:6,238,0,0
BRDA:6,238,1,0
BRDA:6,239,0,0
BRDA:6,239,1,0
BRDA:6,240,0,0
BRDA:6,240,1,0
BRDA:6,241,0,0
BRDA:6,241,1,0
BRDA:6,242,0,0
BRDA:6,242,1,0
BRDA:6,243,0,0
BRDA:6,243,1,0
BRDA:6,244,0,0
BRDA:6,244,1,0
BRDA:6,245,0,0
BRDA:6,245,1,0
BRDA:6,246,0,0
BRDA:6,246,1,0
BRDA:6,247,0,0
BRDA:6,247,1,0
BRDA:6,248,0,0
BRDA:6,248,1,0
BRDA:6,248,2,0
BRDA:6,249,0,0
BRDA:6,249,1,0
BRDA:6,250,0,0
BRDA:6,250,1,0
BRDA:6,251,0,0
BRDA:6,251,1,0
BRDA:6,252,0,0
BRDA:6,252,1,0
BRDA:6,253,0,0
BRDA:6,253,1,0
BRDA:6,254,0,0
BRDA:6,254,1,0
BRDA:6,255,0,0
BRDA:6,255,1,0
BRDA:6,256,0,0
BRDA:6,256,1,0
BRDA:6,257,0,0
BRDA:6,257,1,0
BRDA:6,258,0,0
BRDA:6,258,1,0
BRDA:6,259,0,0
BRDA:6,259,1,0
BRDA:6,260,0,0
BRDA:6,260,1,0
BRDA:6,261,0,0
BRDA:6,261,1,0
BRDA:6,262,0,0
BRDA:6,262,1,0
BRDA:6,262,2,0
BRDA:6,263,0,0
BRDA:6,263,1,0
BRDA:6,264,0,0
BRDA:6,264,1,0
BRDA:6,265,0,0
BRDA:6,265,1,0
BRDA:6,266,0,0
BRDA:6,266,1,0
BRDA:6,267,0,0
BRDA:6,267,1,0
BRDA:6,268,0,0
BRDA:6,268,1,0
BRDA:6,269,0,0
BRDA:6,269,1,0
BRDA:6,270,0,0
BRDA:6,270,1,0
BRDA:6,271,0,0
BRDA:6,271,1,0
BRDA:6,272,0,0
BRDA:6,272,1,0
BRDA:6,273,0,0
BRDA:6,273,1,0
BRDA:6,274,0,0
BRDA:6,274,1,0
BRDA:6,275,0,0
BRDA:6,275,1,0
BRDA:6,276,0,0
BRDA:6,276,1,0
BRDA:6,277,0,0
BRDA:6,277,1,0
BRDA:6,278,0,0
BRDA:6,278,1,0
BRDA:6,279,0,0
BRDA:6,279,1,0
BRDA:6,280,0,0
BRDA:6,280,1,0
BRDA:6,280,2,0
BRDA:6,281,0,0
BRDA:6,281,1,0
BRDA:6,282,0,0
BRDA:6,282,1,0
BRDA:6,283,0,0
BRDA:6,283,1,0
BRDA:6,284,0,0
BRDA:6,284,1,0
BRDA:6,285,0,0
BRDA:6,285,1,0
BRDA:6,286,0,0
BRDA:6,286,1,0
BRDA:6,287,0,0
BRDA:6,287,1,0
BRDA:6,288,0,0
BRDA:6,288,1,0
BRDA:6,289,0,0
BRDA:6,289,1,0
BRDA:6,290,0,0
BRDA:6,290,1,0
BRDA:6,291,0,0
BRDA:6,291,1,0
BRDA:6,292,0,0
BRDA:6,292,1,0
BRDA:6,293,0,0
BRDA:6,293,1,0
BRDA:6,294,0,0
BRDA:6,294,1,0
BRDA:6,295,0,0
BRDA:6,295,1,0
BRDA:6,296,0,0
BRDA:6,296,1,0
BRDA:6,297,0,0
BRDA:6,297,1,0
BRDA:6,298,0,0
BRDA:6,298,1,0
BRDA:6,299,0,0
BRDA:6,299,1,0
BRDA:6,300,0,0
BRDA:6,300,1,0
BRDA:6,301,0,0
BRDA:6,301,1,0
BRDA:6,301,2,0
BRDA:6,301,3,0
BRDA:6,301,4,0
BRDA:6,302,0,0
BRDA:6,302,1,0
BRDA:6,303,0,0
BRDA:6,303,1,0
BRDA:6,304,0,0
BRDA:6,304,1,0
BRDA:6,305,0,0
BRDA:6,305,1,0
BRDA:6,306,0,0
BRDA:6,306,1,0
BRDA:6,307,0,0
BRDA:6,307,1,0
BRDA:6,307,2,0
BRDA:6,307,3,0
BRDA:6,307,4,0
BRDA:7,308,0,0
BRDA:7,308,1,0
BRDA:7,309,0,0
BRDA:7,309,1,0
BRDA:7,310,0,0
BRDA:7,310,1,0
BRDA:7,311,0,0
BRDA:7,311,1,0
BRDA:7,312,0,0
BRDA:7,312,1,0
BRDA:7,313,0,0
BRDA:7,313,1,0
BRDA:7,314,0,0
BRDA:7,314,1,0
BRDA:7,315,0,0
BRDA:7,315,1,0
BRDA:7,316,0,0
BRDA:7,316,1,0
BRDA:7,317,0,0
BRDA:7,317,1,0
BRDA:7,318,0,0
BRDA:7,318,1,0
BRDA:7,319,0,0
BRDA:7,319,1,0
BRDA:7,319,2,0
BRDA:7,319,3,0
BRDA:7,319,4,0
BRDA:7,320,0,0
BRDA:7,320,1,0
BRDA:7,321,0,0
BRDA:7,321,1,0
BRDA:7,322,0,0
BRDA:7,322,1,0
BRDA:7,323,0,0
BRDA:7,323,1,0
BRDA:7,324,0,0
BRDA:7,324,1,0
BRDA:7,325,0,0
BRDA:7,325,1,0
BRDA:7,326,0,0
BRDA:7,326,1,0
BRDA:7,327,0,0
BRDA:7,327,1,0
BRDA:7,328,0,0
BRDA:7,328,1,0
BRDA:7,329,0,0
BRDA:7,329,1,0
BRDA:7,330,0,0
BRDA:7,330,1,0
BRDA:7,331,0,0
BRDA:7,331,1,0
BRDA:7,332,0,0
BRDA:7,332,1,0
BRDA:7,333,0,0
BRDA:7,333,1,0
BRDA:7,334,0,0
BRDA:7,334,1,0
BRDA:7,335,0,0
BRDA:7,335,1,0
BRDA:7,336,0,0
BRDA:7,336,1,0
BRDA:7,336,2,0
BRDA:7,337,0,0
BRDA:7,337,1,0
BRDA:7,338,0,0
BRDA:7,338,1,0
BRDA:7,339,0,0
BRDA:7,339,1,0
BRDA:7,340,0,0
BRDA:7,340,1,0
BRDA:7,341,0,0
BRDA:7,341,1,0
BRDA:7,342,0,0
BRDA:7,342,1,0
BRDA:7,343,0,0
BRDA:7,343,1,0
BRDA:7,344,0,0
BRDA:7,344,1,0
BRDA:7,345,0,0
BRDA:7,345,1,0
BRDA:7,346,0,0
BRDA:7,346,1,0
BRDA:7,347,0,0
BRDA:7,347,1,0
BRDA:7,348,0,0
BRDA:7,348,1,0
BRDA:7,349,0,0
BRDA:7,349,1,0
BRDA:7,350,0,0
BRDA:7,350,1,0
BRF:750
BRH:0
end_of_record
TN:
SF:/home/rggentil/Documents/master_ethereum/design_and_development/modulo4/mydapp/RPS/src/js/truffle-contract.js
FN:1,e
FN:1,s
FN:1,(anonymous_2)
FN:1,(anonymous_3)
FN:2,(anonymous_4)
FN:13,(anonymous_5)
FN:16,Provider
FN:20,(anonymous_7)
FN:24,(anonymous_8)
FN:31,(anonymous_9)
FN:34,(anonymous_10)
FN:45,(anonymous_11)
FN:46,(anonymous_12)
FN:58,partialABI
FN:59,(anonymous_14)
FN:74,(anonymous_15)
FN:82,(anonymous_16)
FN:93,(anonymous_17)
FN:106,(anonymous_18)
FN:110,(anonymous_19)
FN:112,(anonymous_20)
FN:126,(anonymous_21)
FN:127,(anonymous_22)
FN:128,(anonymous_23)
FN:141,(anonymous_24)
FN:143,(anonymous_25)
FN:155,(anonymous_26)
FN:156,(anonymous_27)
FN:157,(anonymous_28)
FN:166,(anonymous_29)
FN:167,(anonymous_30)
FN:195,(anonymous_31)
FN:211,(anonymous_32)
FN:212,(anonymous_33)
FN:218,(anonymous_34)
FN:219,(anonymous_35)
FN:222,(anonymous_36)
FN:233,(anonymous_37)
FN:235,(anonymous_38)
FN:240,(anonymous_39)
FN:251,Contract
FN:285,(anonymous_41)
FN:296,(anonymous_42)
FN:306,(anonymous_43)
FN:316,(anonymous_44)
FN:329,(anonymous_45)
FN:335,(anonymous_46)
FN:338,(anonymous_47)
FN:349,(anonymous_48)
FN:350,(anonymous_49)
FN:368,(anonymous_50)
FN:385,(anonymous_51)
FN:395,(anonymous_52)
FN:396,(anonymous_53)
FN:399,(anonymous_54)
FN:400,(anonymous_55)
FN:416,(anonymous_56)
FN:421,(anonymous_57)
FN:422,(anonymous_58)
FN:440,(anonymous_59)
FN:450,(anonymous_60)
FN:458,(anonymous_61)
FN:462,(anonymous_62)
FN:474,(anonymous_63)
FN:477,(anonymous_64)
FN:486,(anonymous_65)
FN:499,(anonymous_66)
FN:503,(anonymous_67)
FN:507,(anonymous_68)
FN:527,(anonymous_69)
FN:534,(anonymous_70)
FN:538,(anonymous_71)
FN:551,(anonymous_72)
FN:560,(anonymous_73)
FN:577,(anonymous_74)
FN:579,TruffleContract
FN:611,(anonymous_76)
FN:619,(anonymous_77)
FN:622,(anonymous_78)
FN:629,(anonymous_79)
FN:648,(anonymous_80)
FN:656,(anonymous_81)
FN:659,(anonymous_82)
FN:664,(anonymous_83)
FN:667,(anonymous_84)
FN:671,(anonymous_85)
FN:685,(anonymous_86)
FN:689,(anonymous_87)
FN:698,(anonymous_88)
FN:721,(anonymous_89)
FN:728,(anonymous_90)
FN:743,(anonymous_91)
FN:748,(anonymous_92)
FN:765,(anonymous_93)
FN:769,(anonymous_94)
FN:779,(anonymous_95)
FN:782,(anonymous_96)
FN:787,(anonymous_97)
FN:790,(anonymous_98)
FN:807,(anonymous_99)
FN:811,(anonymous_100)
FN:821,(anonymous_101)
FN:832,(anonymous_102)
FN:849,(anonymous_103)
FN:873,(anonymous_104)
FN:893,placeHoldersCount
FN:907,byteLength
FN:912,toByteArray
FN:943,tripletToBase64
FN:947,encodeChunk
FN:957,fromByteArray
FN:989,(anonymous_111)
FN:990,(anonymous_112)
FN:994,assert
FN:1000,inherits
FN:1002,(anonymous_115)
FN:1010,BN
FN:1046,isBN
FN:1055,max
FN:1060,min
FN:1065,init
FN:1102,_initNumber
FN:1132,_initArray
FN:1175,parseHex
FN:1199,_parseHex
FN:1229,parseBase
FN:1253,_parseBase
FN:1298,copy
FN:1308,clone
FN:1314,_expand
FN:1322,strip
FN:1329,_normSign
FN:1337,inspect
FN:1418,toString
FN:1487,toNumber
FN:1500,toJSON
FN:1504,toBuffer
FN:1509,toArray
FN:1513,toArrayLike
FN:1554,_countBits
FN:1558,_countBits
FN:1581,_zeroBits
FN:1610,bitLength
FN:1616,toBitArray
FN:1630,zeroBits
FN:1642,byteLength
FN:1646,toTwos
FN:1653,fromTwos
FN:1660,isNeg
FN:1665,neg
FN:1669,ineg
FN:1678,iuor
FN:1690,ior
FN:1696,or
FN:1701,uor
FN:1707,iuand
FN:1725,iand
FN:1731,and
FN:1736,uand
FN:1742,iuxor
FN:1769,ixor
FN:1775,xor
FN:1780,uxor
FN:1786,inotn
FN:1813,notn
FN:1818,setn
FN:1836,iadd
FN:1891,add
FN:1911,isub
FN:1977,sub
FN:1981,smallMulTo
FN:2025,comb10MulTo
FN:2603,bigMulTo
FN:2644,jumboMulTo
FN:2649,mulTo
FN:2668,FFTM
FN:2673,makeRBT
FN:2684,revBin
FN:2698,permute
FN:2705,transform
FN:2748,guessLen13b
FN:2759,conjugate
FN:2775,normalize13b
FN:2794,convert13b
FN:2812,stub
FN:2821,mulp
FN:2862,mul
FN:2869,mulf
FN:2876,imul
FN:2880,imuln
FN:2904,muln
FN:2909,sqr
FN:2914,isqr
FN:2919,pow
FN:2941,iushln
FN:2979,ishln
FN:2988,iushrn
FN:3045,ishrn
FN:3052,shln
FN:3056,ushln
FN:3061,shrn
FN:3065,ushrn
FN:3070,testn
FN:3086,imaskn
FN:3111,maskn
FN:3116,iaddn
FN:3139,_iaddn
FN:3157,isubn
FN:3185,addn
FN:3189,subn
FN:3193,iabs
FN:3199,abs
FN:3203,_ishlnsubmul
FN:3239,_wordDiv
FN:3317,divmod
FN:3413,div
FN:3418,mod
FN:3422,umod
FN:3427,divRound
FN:3446,modn
FN:3459,idivn
FN:3472,divn
FN:3476,egcd
FN:3558,_invmp
FN:3624,gcd
FN:3664,invm
FN:3668,isEven
FN:3672,isOdd
FN:3677,andln
FN:3682,bincn
FN:3711,isZero
FN:3715,cmpn
FN:3744,cmp
FN:3754,ucmp
FN:3775,gtn
FN:3779,gt
FN:3783,gten
FN:3787,gte
FN:3791,ltn
FN:3795,lt
FN:3799,lten
FN:3803,lte
FN:3807,eqn
FN:3811,eq
FN:3819,red
FN:3823,toRed
FN:3829,fromRed
FN:3834,_forceRed
FN:3839,forceRed
FN:3844,redAdd
FN:3849,redIAdd
FN:3854,redSub
FN:3859,redISub
FN:3864,redShl
FN:3869,redMul
FN:3875,redIMul
FN:3881,redSqr
FN:3887,redISqr
FN:3894,redSqrt
FN:3900,redInvm
FN:3907,redNeg
FN:3913,redPow
FN:3928,MPrime
FN:3938,_tmp
FN:3944,ireduce
FN:3970,split
FN:3974,imulK
FN:3978,K256
FN:3986,split
FN:4020,imulK
FN:4045,P224
FN:4053,P192
FN:4061,P25519
FN:4070,imulK
FN:4088,prime
FN:4112,Red
FN:4124,_verify1
FN:4129,_verify2
FN:4135,imod
FN:4140,neg
FN:4148,add
FN:4158,iadd
FN:4168,sub
FN:4178,isub
FN:4188,shl
FN:4193,imul
FN:4198,mul
FN:4203,isqr
FN:4207,sqr
FN:4211,sqrt
FN:4268,invm
FN:4278,pow
FN:4326,convertTo
FN:4332,convertFrom
FN:4342,mont
FN:4346,Mont
FN:4364,convertTo
FN:4368,convertFrom
FN:4374,imul
FN:4395,mul
FN:4411,invm
FN:4418,(anonymous_301)
FN:4420,(anonymous_302)
FN:4463,typedArraySupport
FN:4467,(anonymous_304)
FN:4474,createBuffer
FN:4494,Buffer
FN:4520,from
FN:4544,(anonymous_308)
FN:4553,assertSize
FN:4561,alloc
FN:4581,(anonymous_311)
FN:4585,allocUnsafe
FN:4593,(anonymous_313)
FN:4599,(anonymous_314)
FN:4603,fromString
FN:4627,fromArrayLike
FN:4636,fromArrayBuffer
FN:4661,fromObject
FN:4691,checked
FN:4701,SlowBuffer
FN:4708,isBuffer
FN:4712,compare
FN:4735,isEncoding
FN:4754,concat
FN:4784,byteLength
FN:4829,slowToString
FN:4903,swap
FN:4909,swap16
FN:4920,swap32
FN:4932,swap64
FN:4946,toString
FN:4953,equals
FN:4959,inspect
FN:4969,compare
FN:5037,bidirectionalIndexOf
FN:5093,arrayIndexOf
FN:5112,read
FN:5149,includes
FN:5153,indexOf
FN:5157,lastIndexOf
FN:5161,hexWrite
FN:5188,utf8Write
FN:5192,asciiWrite
FN:5196,latin1Write
FN:5200,base64Write
FN:5204,ucs2Write
FN:5208,write
FN:5280,toJSON
FN:5287,base64Slice
FN:5295,utf8Slice
FN:5373,decodeCodePointsArray
FN:5391,asciiSlice
FN:5401,latin1Slice
FN:5411,hexSlice
FN:5424,utf16leSlice
FN:5433,slice
FN:5463,checkOffset
FN:5468,readUIntLE
FN:5483,readUIntBE
FN:5499,readUInt8
FN:5505,readUInt16LE
FN:5511,readUInt16BE
FN:5517,readUInt32LE
FN:5527,readUInt32BE
FN:5537,readIntLE
FN:5555,readIntBE
FN:5573,readInt8
FN:5580,readInt16LE
FN:5587,readInt16BE
FN:5594,readInt32LE
FN:5604,readInt32BE
FN:5614,readFloatLE
FN:5620,readFloatBE
FN:5626,readDoubleLE
FN:5632,readDoubleBE
FN:5638,checkInt
FN:5644,writeUIntLE
FN:5663,writeUIntBE
FN:5682,writeUInt8
FN:5690,writeUInt16LE
FN:5699,writeUInt16BE
FN:5708,writeUInt32LE
FN:5719,writeUInt32BE
FN:5730,writeIntLE
FN:5753,writeIntBE
FN:5776,writeInt8
FN:5785,writeInt16LE
FN:5794,writeInt16BE
FN:5803,writeInt32LE
FN:5814,writeInt32BE
FN:5826,checkIEEE754
FN:5831,writeFloat
FN:5841,writeFloatLE
FN:5845,writeFloatBE
FN:5849,writeDouble
FN:5859,writeDoubleLE
FN:5863,writeDoubleBE
FN:5868,copy
FN:5920,fill
FN:5984,base64clean
FN:5996,stringtrim
FN:6001,toHex
FN:6006,utf8ToBytes
FN:6086,asciiToBytes
FN:6095,utf16leToBytes
FN:6111,base64ToBytes
FN:6115,blitBuffer
FN:6123,isnan
FN:6127,(anonymous_409)
FN:6128,(anonymous_410)
FN:6144,Result
FN:6146,encodeParams
FN:6153,(anonymous_413)
FN:6158,alignSize
FN:6164,(anonymous_415)
FN:6177,(anonymous_416)
FN:6194,decodeParams
FN:6206,(anonymous_418)
FN:6225,encodeMethod
FN:6234,decodeMethod
FN:6242,encodeEvent
FN:6247,decodeEvent
FN:6263,(anonymous_423)
FN:6264,(anonymous_424)
FN:6272,stripZeros
FN:6282,bnToBuffer
FN:6291,isHexString
FN:6301,hexOrBuffer
FN:6321,hexlify
FN:6333,getKeys
FN:6354,coderNumber
FN:6356,encodeNumber
FN:6374,decodeNumber
FN:6392,encodeBoolean
FN:6395,decodeBoolean
FN:6404,coderFixedBytes
FN:6406,encodeFixedBytes
FN:6419,decodeFixedBytes
FN:6433,encodeAddress
FN:6444,decodeAddress
FN:6461,encodeDynamicBytesHelper
FN:6469,decodeDynamicBytesHelper
FN:6487,encodeDynamicBytes
FN:6490,decodeDynamicBytes
FN:6499,encodeString
FN:6502,decodeString
FN:6510,coderArray
FN:6512,encodeArray
FN:6529,(anonymous_449)
FN:6535,decodeArray
FN:6574,getParamCoder
FN:6683,(anonymous_452)
FN:6684,(anonymous_453)
FN:6717,(anonymous_454)
FN:6769,(anonymous_455)
FN:6776,isHexPrefixed
FN:6784,(anonymous_457)
FN:6785,(anonymous_458)
FN:6794,(anonymous_459)
FN:6816,(anonymous_460)
FN:6817,(anonymous_461)
FN:6822,(anonymous_462)
FN:6823,(anonymous_463)
FN:6828,(anonymous_464)
FN:6830,(anonymous_465)
FN:6833,(anonymous_466)
FN:6843,(anonymous_467)
FN:6845,(anonymous_468)
FN:6848,(anonymous_469)
FN:6874,Keccak
FN:6892,(anonymous_471)
FN:6949,(anonymous_472)
FN:6965,(anonymous_473)
FN:6999,(anonymous_474)
FN:7029,(anonymous_475)
FN:7064,(anonymous_476)
FN:7259,(anonymous_477)
FN:7269,numberToBN
FN:7299,(anonymous_479)
FN:7311,defaultSetTimout
FN:7314,defaultClearTimeout
FN:7317,(anonymous_482)
FN:7337,runTimeout
FN:7362,runClearTimeout
FN:7394,cleanUpNextTick
FN:7409,drainQueue
FN:7433,(anonymous_487)
FN:7447,Item
FN:7451,(anonymous_489)
FN:7461,noop
FN:7471,(anonymous_491)
FN:7475,(anonymous_492)
FN:7476,(anonymous_493)
FN:7479,(anonymous_494)
FN:7481,(anonymous_495)
FN:7489,stripHexPrefix
FN:7497,(anonymous_497)
FN:7503,(anonymous_498)
FN:7517,(anonymous_499)
FN:7520,(anonymous_500)
FN:7523,(anonymous_501)
FN:7533,(anonymous_502)
FN:7541,(anonymous_503)
FN:7545,(anonymous_504)
FN:7560,(anonymous_505)
FN:7574,(anonymous_506)
FN:7592,(anonymous_507)
FN:7641,(anonymous_508)
FN:7664,(anonymous_509)
FN:7683,(anonymous_510)
FN:7688,(anonymous_511)
FN:7691,(anonymous_512)
FN:7705,(anonymous_513)
FN:7723,(anonymous_514)
FN:7725,(anonymous_515)
FN:7743,(anonymous_516)
FN:7744,(anonymous_517)
FN:7757,(anonymous_518)
FN:7762,(anonymous_519)
FN:7766,(anonymous_520)
FN:7767,F
FN:7769,(anonymous_522)
FN:7795,(anonymous_523)
FN:7817,(anonymous_524)
FN:7828,(anonymous_525)
FN:7854,(anonymous_526)
FN:7873,(anonymous_527)
FN:7887,(anonymous_528)
FN:7909,(anonymous_529)
FN:7934,(anonymous_530)
FN:7957,(anonymous_531)
FN:7972,(anonymous_532)
FN:8008,(anonymous_533)
FN:8027,(anonymous_534)
FN:8047,(anonymous_535)
FN:8050,(anonymous_536)
FN:8055,(anonymous_537)
FN:8098,(anonymous_538)
FN:8127,(anonymous_539)
FN:8158,(anonymous_540)
FN:8186,(anonymous_541)
FN:8217,(anonymous_542)
FN:8238,(anonymous_543)
FN:8258,(anonymous_544)
FN:8274,(anonymous_545)
FN:8299,(anonymous_546)
FN:8349,(anonymous_547)
FN:8379,(anonymous_548)
FN:8394,(anonymous_549)
FN:8414,(anonymous_550)
FN:8439,(anonymous_551)
FN:8466,(anonymous_552)
FN:8467,(anonymous_553)
FN:8485,(anonymous_554)
FN:8486,(anonymous_555)
FN:8504,(anonymous_556)
FN:8505,(anonymous_557)
FN:8518,(anonymous_558)
FN:8520,(anonymous_559)
FN:8536,(anonymous_560)
FN:8586,(anonymous_561)
FN:8608,(anonymous_562)
FN:8617,(anonymous_563)
FN:8731,(anonymous_564)
FN:8779,(anonymous_565)
FN:8828,(anonymous_566)
FN:8829,(anonymous_567)
FN:8842,(anonymous_568)
FN:8844,(anonymous_569)
FN:8870,(anonymous_570)
FN:9068,(anonymous_571)
FN:9087,(anonymous_572)
FN:9112,(anonymous_573)
FN:9133,(anonymous_574)
FNF:575
FNH:0
FNDA:0,e
FNDA:0,s
FNDA:0,(anonymous_2)
FNDA:0,(anonymous_3)
FNDA:0,(anonymous_4)
FNDA:0,(anonymous_5)
FNDA:0,Provider
FNDA:0,(anonymous_7)
FNDA:0,(anonymous_8)
FNDA:0,(anonymous_9)
FNDA:0,(anonymous_10)
FNDA:0,(anonymous_11)
FNDA:0,(anonymous_12)
FNDA:0,partialABI
FNDA:0,(anonymous_14)
FNDA:0,(anonymous_15)
FNDA:0,(anonymous_16)
FNDA:0,(anonymous_17)
FNDA:0,(anonymous_18)
FNDA:0,(anonymous_19)
FNDA:0,(anonymous_20)
FNDA:0,(anonymous_21)
FNDA:0,(anonymous_22)
FNDA:0,(anonymous_23)
FNDA:0,(anonymous_24)
FNDA:0,(anonymous_25)
FNDA:0,(anonymous_26)
FNDA:0,(anonymous_27)
FNDA:0,(anonymous_28)
FNDA:0,(anonymous_29)
FNDA:0,(anonymous_30)
FNDA:0,(anonymous_31)
FNDA:0,(anonymous_32)
FNDA:0,(anonymous_33)
FNDA:0,(anonymous_34)
FNDA:0,(anonymous_35)
FNDA:0,(anonymous_36)
FNDA:0,(anonymous_37)
FNDA:0,(anonymous_38)
FNDA:0,(anonymous_39)
FNDA:0,Contract
FNDA:0,(anonymous_41)
FNDA:0,(anonymous_42)
FNDA:0,(anonymous_43)
FNDA:0,(anonymous_44)
FNDA:0,(anonymous_45)
FNDA:0,(anonymous_46)
FNDA:0,(anonymous_47)
FNDA:0,(anonymous_48)
FNDA:0,(anonymous_49)
FNDA:0,(anonymous_50)
FNDA:0,(anonymous_51)
FNDA:0,(anonymous_52)
FNDA:0,(anonymous_53)
FNDA:0,(anonymous_54)
FNDA:0,(anonymous_55)
FNDA:0,(anonymous_56)
FNDA:0,(anonymous_57)
FNDA:0,(anonymous_58)
FNDA:0,(anonymous_59)
FNDA:0,(anonymous_60)
FNDA:0,(anonymous_61)
FNDA:0,(anonymous_62)
FNDA:0,(anonymous_63)
FNDA:0,(anonymous_64)
FNDA:0,(anonymous_65)
FNDA:0,(anonymous_66)
FNDA:0,(anonymous_67)
FNDA:0,(anonymous_68)
FNDA:0,(anonymous_69)
FNDA:0,(anonymous_70)
FNDA:0,(anonymous_71)
FNDA:0,(anonymous_72)
FNDA:0,(anonymous_73)
FNDA:0,(anonymous_74)
FNDA:0,TruffleContract
FNDA:0,(anonymous_76)
FNDA:0,(anonymous_77)
FNDA:0,(anonymous_78)
FNDA:0,(anonymous_79)
FNDA:0,(anonymous_80)
FNDA:0,(anonymous_81)
FNDA:0,(anonymous_82)
FNDA:0,(anonymous_83)
FNDA:0,(anonymous_84)
FNDA:0,(anonymous_85)
FNDA:0,(anonymous_86)
FNDA:0,(anonymous_87)
FNDA:0,(anonymous_88)
FNDA:0,(anonymous_89)
FNDA:0,(anonymous_90)
FNDA:0,(anonymous_91)
FNDA:0,(anonymous_92)
FNDA:0,(anonymous_93)
FNDA:0,(anonymous_94)
FNDA:0,(anonymous_95)
FNDA:0,(anonymous_96)
FNDA:0,(anonymous_97)
FNDA:0,(anonymous_98)
FNDA:0,(anonymous_99)
FNDA:0,(anonymous_100)
FNDA:0,(anonymous_101)
FNDA:0,(anonymous_102)
FNDA:0,(anonymous_103)
FNDA:0,(anonymous_104)
FNDA:0,placeHoldersCount
FNDA:0,byteLength
FNDA:0,toByteArray
FNDA:0,tripletToBase64
FNDA:0,encodeChunk
FNDA:0,fromByteArray
FNDA:0,(anonymous_111)
FNDA:0,(anonymous_112)
FNDA:0,assert
FNDA:0,inherits
FNDA:0,(anonymous_115)
FNDA:0,BN
FNDA:0,isBN
FNDA:0,max
FNDA:0,min
FNDA:0,init
FNDA:0,_initNumber
FNDA:0,_initArray
FNDA:0,parseHex
FNDA:0,_parseHex
FNDA:0,parseBase
FNDA:0,_parseBase
FNDA:0,copy
FNDA:0,clone
FNDA:0,_expand
FNDA:0,strip
FNDA:0,_normSign
FNDA:0,inspect
FNDA:0,toString
FNDA:0,toNumber
FNDA:0,toJSON
FNDA:0,toBuffer
FNDA:0,toArray
FNDA:0,toArrayLike
FNDA:0,_countBits
FNDA:0,_countBits
FNDA:0,_zeroBits
FNDA:0,bitLength
FNDA:0,toBitArray
FNDA:0,zeroBits
FNDA:0,byteLength
FNDA:0,toTwos
FNDA:0,fromTwos
FNDA:0,isNeg
FNDA:0,neg
FNDA:0,ineg
FNDA:0,iuor
FNDA:0,ior
FNDA:0,or
FNDA:0,uor
FNDA:0,iuand
FNDA:0,iand
FNDA:0,and
FNDA:0,uand
FNDA:0,iuxor
FNDA:0,ixor
FNDA:0,xor
FNDA:0,uxor
FNDA:0,inotn
FNDA:0,notn
FNDA:0,setn
FNDA:0,iadd
FNDA:0,add
FNDA:0,isub
FNDA:0,sub
FNDA:0,smallMulTo
FNDA:0,comb10MulTo
FNDA:0,bigMulTo
FNDA:0,jumboMulTo
FNDA:0,mulTo
FNDA:0,FFTM
FNDA:0,makeRBT
FNDA:0,revBin
FNDA:0,permute
FNDA:0,transform
FNDA:0,guessLen13b
FNDA:0,conjugate
FNDA:0,normalize13b
FNDA:0,convert13b
FNDA:0,stub
FNDA:0,mulp
FNDA:0,mul
FNDA:0,mulf
FNDA:0,imul
FNDA:0,imuln
FNDA:0,muln
FNDA:0,sqr
FNDA:0,isqr
FNDA:0,pow
FNDA:0,iushln
FNDA:0,ishln
FNDA:0,iushrn
FNDA:0,ishrn
FNDA:0,shln
FNDA:0,ushln
FNDA:0,shrn
FNDA:0,ushrn
FNDA:0,testn
FNDA:0,imaskn
FNDA:0,maskn
FNDA:0,iaddn
FNDA:0,_iaddn
FNDA:0,isubn
FNDA:0,addn
FNDA:0,subn
FNDA:0,iabs
FNDA:0,abs
FNDA:0,_ishlnsubmul
FNDA:0,_wordDiv
FNDA:0,divmod
FNDA:0,div
FNDA:0,mod
FNDA:0,umod
FNDA:0,divRound
FNDA:0,modn
FNDA:0,idivn
FNDA:0,divn
FNDA:0,egcd
FNDA:0,_invmp
FNDA:0,gcd
FNDA:0,invm
FNDA:0,isEven
FNDA:0,isOdd
FNDA:0,andln
FNDA:0,bincn
FNDA:0,isZero
FNDA:0,cmpn
FNDA:0,cmp
FNDA:0,ucmp
FNDA:0,gtn
FNDA:0,gt
FNDA:0,gten
FNDA:0,gte
FNDA:0,ltn
FNDA:0,lt
FNDA:0,lten
FNDA:0,lte
FNDA:0,eqn
FNDA:0,eq
FNDA:0,red
FNDA:0,toRed
FNDA:0,fromRed
FNDA:0,_forceRed
FNDA:0,forceRed
FNDA:0,redAdd
FNDA:0,redIAdd
FNDA:0,redSub
FNDA:0,redISub
FNDA:0,redShl
FNDA:0,redMul
FNDA:0,redIMul
FNDA:0,redSqr
FNDA:0,redISqr
FNDA:0,redSqrt
FNDA:0,redInvm
FNDA:0,redNeg
FNDA:0,redPow
FNDA:0,MPrime
FNDA:0,_tmp
FNDA:0,ireduce
FNDA:0,split
FNDA:0,imulK
FNDA:0,K256
FNDA:0,split
FNDA:0,imulK
FNDA:0,P224
FNDA:0,P192
FNDA:0,P25519
FNDA:0,imulK
FNDA:0,prime
FNDA:0,Red
FNDA:0,_verify1
FNDA:0,_verify2
FNDA:0,imod
FNDA:0,neg
FNDA:0,add
FNDA:0,iadd
FNDA:0,sub
FNDA:0,isub
FNDA:0,shl
FNDA:0,imul
FNDA:0,mul
FNDA:0,isqr
FNDA:0,sqr
FNDA:0,sqrt
FNDA:0,invm
FNDA:0,pow
FNDA:0,convertTo
FNDA:0,convertFrom
FNDA:0,mont
FNDA:0,Mont
FNDA:0,convertTo
FNDA:0,convertFrom
FNDA:0,imul
FNDA:0,mul
FNDA:0,invm
FNDA:0,(anonymous_301)
FNDA:0,(anonymous_302)
FNDA:0,typedArraySupport
FNDA:0,(anonymous_304)
FNDA:0,createBuffer
FNDA:0,Buffer
FNDA:0,from
FNDA:0,(anonymous_308)
FNDA:0,assertSize
FNDA:0,alloc
FNDA:0,(anonymous_311)
FNDA:0,allocUnsafe
FNDA:0,(anonymous_313)
FNDA:0,(anonymous_314)
FNDA:0,fromString
FNDA:0,fromArrayLike
FNDA:0,fromArrayBuffer
FNDA:0,fromObject
FNDA:0,checked
FNDA:0,SlowBuffer
FNDA:0,isBuffer
FNDA:0,compare
FNDA:0,isEncoding
FNDA:0,concat
FNDA:0,byteLength
FNDA:0,slowToString
FNDA:0,swap
FNDA:0,swap16
FNDA:0,swap32
FNDA:0,swap64
FNDA:0,toString
FNDA:0,equals
FNDA:0,inspect
FNDA:0,compare
FNDA:0,bidirectionalIndexOf
FNDA:0,arrayIndexOf
FNDA:0,read
FNDA:0,includes
FNDA:0,indexOf
FNDA:0,lastIndexOf
FNDA:0,hexWrite
FNDA:0,utf8Write
FNDA:0,asciiWrite
FNDA:0,latin1Write
FNDA:0,base64Write
FNDA:0,ucs2Write
FNDA:0,write
FNDA:0,toJSON
FNDA:0,base64Slice
FNDA:0,utf8Slice
FNDA:0,decodeCodePointsArray
FNDA:0,asciiSlice
FNDA:0,latin1Slice
FNDA:0,hexSlice
FNDA:0,utf16leSlice
FNDA:0,slice
FNDA:0,checkOffset
FNDA:0,readUIntLE
FNDA:0,readUIntBE
FNDA:0,readUInt8
FNDA:0,readUInt16LE
FNDA:0,readUInt16BE
FNDA:0,readUInt32LE
FNDA:0,readUInt32BE
FNDA:0,readIntLE
FNDA:0,readIntBE
FNDA:0,readInt8
FNDA:0,readInt16LE
FNDA:0,readInt16BE
FNDA:0,readInt32LE
FNDA:0,readInt32BE
FNDA:0,readFloatLE
FNDA:0,readFloatBE
FNDA:0,readDoubleLE
FNDA:0,readDoubleBE
FNDA:0,checkInt
FNDA:0,writeUIntLE
FNDA:0,writeUIntBE
FNDA:0,writeUInt8
FNDA:0,writeUInt16LE
FNDA:0,writeUInt16BE
FNDA:0,writeUInt32LE
FNDA:0,writeUInt32BE
FNDA:0,writeIntLE
FNDA:0,writeIntBE
FNDA:0,writeInt8
FNDA:0,writeInt16LE
FNDA:0,writeInt16BE
FNDA:0,writeInt32LE
FNDA:0,writeInt32BE
FNDA:0,checkIEEE754
FNDA:0,writeFloat
FNDA:0,writeFloatLE
FNDA:0,writeFloatBE
FNDA:0,writeDouble
FNDA:0,writeDoubleLE
FNDA:0,writeDoubleBE
FNDA:0,copy
FNDA:0,fill
FNDA:0,base64clean
FNDA:0,stringtrim
FNDA:0,toHex
FNDA:0,utf8ToBytes
FNDA:0,asciiToBytes
FNDA:0,utf16leToBytes
FNDA:0,base64ToBytes
FNDA:0,blitBuffer
FNDA:0,isnan
FNDA:0,(anonymous_409)
FNDA:0,(anonymous_410)
FNDA:0,Result
FNDA:0,encodeParams
FNDA:0,(anonymous_413)
FNDA:0,alignSize
FNDA:0,(anonymous_415)
FNDA:0,(anonymous_416)
FNDA:0,decodeParams
FNDA:0,(anonymous_418)
FNDA:0,encodeMethod
FNDA:0,decodeMethod
FNDA:0,encodeEvent
FNDA:0,decodeEvent
FNDA:0,(anonymous_423)
FNDA:0,(anonymous_424)
FNDA:0,stripZeros
FNDA:0,bnToBuffer
FNDA:0,isHexString
FNDA:0,hexOrBuffer
FNDA:0,hexlify
FNDA:0,getKeys
FNDA:0,coderNumber
FNDA:0,encodeNumber
FNDA:0,decodeNumber
FNDA:0,encodeBoolean
FNDA:0,decodeBoolean
FNDA:0,coderFixedBytes
FNDA:0,encodeFixedBytes
FNDA:0,decodeFixedBytes
FNDA:0,encodeAddress
FNDA:0,decodeAddress
FNDA:0,encodeDynamicBytesHelper
FNDA:0,decodeDynamicBytesHelper
FNDA:0,encodeDynamicBytes
FNDA:0,decodeDynamicBytes
FNDA:0,encodeString
FNDA:0,decodeString
FNDA:0,coderArray
FNDA:0,encodeArray
FNDA:0,(anonymous_449)
FNDA:0,decodeArray
FNDA:0,getParamCoder
FNDA:0,(anonymous_452)
FNDA:0,(anonymous_453)
FNDA:0,(anonymous_454)
FNDA:0,(anonymous_455)
FNDA:0,isHexPrefixed
FNDA:0,(anonymous_457)
FNDA:0,(anonymous_458)
FNDA:0,(anonymous_459)
FNDA:0,(anonymous_460)
FNDA:0,(anonymous_461)
FNDA:0,(anonymous_462)
FNDA:0,(anonymous_463)
FNDA:0,(anonymous_464)
FNDA:0,(anonymous_465)
FNDA:0,(anonymous_466)
FNDA:0,(anonymous_467)
FNDA:0,(anonymous_468)
FNDA:0,(anonymous_469)
FNDA:0,Keccak
FNDA:0,(anonymous_471)
FNDA:0,(anonymous_472)
FNDA:0,(anonymous_473)
FNDA:0,(anonymous_474)
FNDA:0,(anonymous_475)
FNDA:0,(anonymous_476)
FNDA:0,(anonymous_477)
FNDA:0,numberToBN
FNDA:0,(anonymous_479)
FNDA:0,defaultSetTimout
FNDA:0,defaultClearTimeout
FNDA:0,(anonymous_482)
FNDA:0,runTimeout
FNDA:0,runClearTimeout
FNDA:0,cleanUpNextTick
FNDA:0,drainQueue
FNDA:0,(anonymous_487)
FNDA:0,Item
FNDA:0,(anonymous_489)
FNDA:0,noop
FNDA:0,(anonymous_491)
FNDA:0,(anonymous_492)
FNDA:0,(anonymous_493)
FNDA:0,(anonymous_494)
FNDA:0,(anonymous_495)
FNDA:0,stripHexPrefix
FNDA:0,(anonymous_497)
FNDA:0,(anonymous_498)
FNDA:0,(anonymous_499)
FNDA:0,(anonymous_500)
FNDA:0,(anonymous_501)
FNDA:0,(anonymous_502)
FNDA:0,(anonymous_503)
FNDA:0,(anonymous_504)
FNDA:0,(anonymous_505)
FNDA:0,(anonymous_506)
FNDA:0,(anonymous_507)
FNDA:0,(anonymous_508)
FNDA:0,(anonymous_509)
FNDA:0,(anonymous_510)
FNDA:0,(anonymous_511)
FNDA:0,(anonymous_512)
FNDA:0,(anonymous_513)
FNDA:0,(anonymous_514)
FNDA:0,(anonymous_515)
FNDA:0,(anonymous_516)
FNDA:0,(anonymous_517)
FNDA:0,(anonymous_518)
FNDA:0,(anonymous_519)
FNDA:0,(anonymous_520)
FNDA:0,F
FNDA:0,(anonymous_522)
FNDA:0,(anonymous_523)
FNDA:0,(anonymous_524)
FNDA:0,(anonymous_525)
FNDA:0,(anonymous_526)
FNDA:0,(anonymous_527)
FNDA:0,(anonymous_528)
FNDA:0,(anonymous_529)
FNDA:0,(anonymous_530)
FNDA:0,(anonymous_531)
FNDA:0,(anonymous_532)
FNDA:0,(anonymous_533)
FNDA:0,(anonymous_534)
FNDA:0,(anonymous_535)
FNDA:0,(anonymous_536)
FNDA:0,(anonymous_537)
FNDA:0,(anonymous_538)
FNDA:0,(anonymous_539)
FNDA:0,(anonymous_540)
FNDA:0,(anonymous_541)
FNDA:0,(anonymous_542)
FNDA:0,(anonymous_543)
FNDA:0,(anonymous_544)
FNDA:0,(anonymous_545)
FNDA:0,(anonymous_546)
FNDA:0,(anonymous_547)
FNDA:0,(anonymous_548)
FNDA:0,(anonymous_549)
FNDA:0,(anonymous_550)
FNDA:0,(anonymous_551)
FNDA:0,(anonymous_552)
FNDA:0,(anonymous_553)
FNDA:0,(anonymous_554)
FNDA:0,(anonymous_555)
FNDA:0,(anonymous_556)
FNDA:0,(anonymous_557)
FNDA:0,(anonymous_558)
FNDA:0,(anonymous_559)
FNDA:0,(anonymous_560)
FNDA:0,(anonymous_561)
FNDA:0,(anonymous_562)
FNDA:0,(anonymous_563)
FNDA:0,(anonymous_564)
FNDA:0,(anonymous_565)
FNDA:0,(anonymous_566)
FNDA:0,(anonymous_567)
FNDA:0,(anonymous_568)
FNDA:0,(anonymous_569)
FNDA:0,(anonymous_570)
FNDA:0,(anonymous_571)
FNDA:0,(anonymous_572)
FNDA:0,(anonymous_573)
FNDA:0,(anonymous_574)
DA:1,0
DA:2,0
DA:3,0
DA:4,0
DA:5,0
DA:9,0
DA:10,0
DA:13,0
DA:17,0
DA:20,0
DA:21,0
DA:24,0
DA:25,0
DA:28,0
DA:30,0
DA:32,0
DA:35,0
DA:38,0
DA:39,0
DA:40,0
DA:42,0
DA:46,0
DA:47,0
DA:49,0
DA:50,0
DA:56,0
DA:59,0
DA:60,0
DA:63,0
DA:70,0
DA:73,0
DA:74,0
DA:75,0
DA:77,0
DA:78,0
DA:80,0
DA:82,0
DA:83,0
DA:85,0
DA:86,0
DA:89,0
DA:90,0
DA:93,0
DA:94,0
DA:97,0
DA:98,0
DA:102,0
DA:103,0
DA:105,0
DA:107,0
DA:111,0
DA:112,0
DA:113,0
DA:115,0
DA:116,0
DA:117,0
DA:120,0
DA:121,0
DA:124,0
DA:126,0
DA:127,0
DA:128,0
DA:129,0
DA:130,0
DA:132,0
DA:135,0
DA:136,0
DA:142,0
DA:143,0
DA:144,0
DA:145,0
DA:146,0
DA:149,0
DA:150,0
DA:153,0
DA:155,0
DA:156,0
DA:157,0
DA:158,0
DA:159,0
DA:160,0
DA:163,0
DA:164,0
DA:166,0
DA:167,0
DA:168,0
DA:170,0
DA:171,0
DA:178,0
DA:179,0
DA:182,0
DA:186,0
DA:189,0
DA:190,0
DA:196,0
DA:197,0
DA:199,0
DA:200,0
DA:201,0
DA:202,0
DA:203,0
DA:204,0
DA:205,0
DA:209,0
DA:212,0
DA:213,0
DA:214,0
DA:216,0
DA:217,0
DA:218,0
DA:219,0
DA:220,0
DA:221,0
DA:222,0
DA:224,0
DA:225,0
DA:226,0
DA:227,0
DA:235,0
DA:236,0
DA:240,0
DA:241,0
DA:244,0
DA:252,0
DA:253,0
DA:254,0
DA:256,0
DA:257,0
DA:258,0
DA:259,0
DA:262,0
DA:265,0
DA:266,0
DA:267,0
DA:268,0
DA:269,0
DA:271,0
DA:274,0
DA:275,0
DA:276,0
DA:277,0
DA:280,0
DA:281,0
DA:285,0
DA:286,0
DA:287,0
DA:288,0
DA:291,0
DA:293,0
DA:296,0
DA:297,0
DA:300,0
DA:301,0
DA:302,0
DA:305,0
DA:307,0
DA:308,0
DA:311,0
DA:312,0
DA:313,0
DA:317,0
DA:319,0
DA:320,0
DA:323,0
DA:325,0
DA:326,0
DA:329,0
DA:331,0
DA:332,0
DA:334,0
DA:335,0
DA:337,0
DA:340,0
DA:341,0
DA:344,0
DA:347,0
DA:350,0
DA:351,0
DA:352,0
DA:353,0
DA:356,0
DA:357,0
DA:360,0
DA:362,0
DA:363,0
DA:368,0
DA:369,0
DA:370,0
DA:371,0
DA:374,0
DA:375,0
DA:379,0
DA:380,0
DA:386,0
DA:388,0
DA:389,0
DA:392,0
DA:395,0
DA:396,0
DA:397,0
DA:399,0
DA:400,0
DA:401,0
DA:403,0
DA:404,0
DA:407,0
DA:413,0
DA:417,0
DA:418,0
DA:421,0
DA:422,0
DA:424,0
DA:425,0
DA:429,0
DA:430,0
DA:433,0
DA:437,0
DA:441,0
DA:442,0
DA:445,0
DA:446,0
DA:449,0
DA:450,0
DA:451,0
DA:452,0
DA:455,0
DA:459,0
DA:463,0
DA:464,0
DA:467,0
DA:468,0
DA:471,0
DA:475,0
DA:477,0
DA:479,0
DA:481,0
DA:482,0
DA:486,0
DA:487,0
DA:489,0
DA:492,0
DA:493,0
DA:494,0
DA:499,0
DA:500,0
DA:503,0
DA:504,0
DA:507,0
DA:508,0
DA:510,0
DA:511,0
DA:512,0
DA:513,0
DA:518,0
DA:520,0
DA:528,0
DA:529,0
DA:535,0
DA:539,0
DA:541,0
DA:542,0
DA:544,0
DA:545,0
DA:548,0
DA:551,0
DA:552,0
DA:555,0
DA:558,0
DA:559,0
DA:560,0
DA:561,0
DA:562,0
DA:564,0
DA:567,0
DA:568,0
DA:574,0
DA:578,0
DA:579,0
DA:580,0
DA:581,0
DA:584,0
DA:587,0
DA:588,0
DA:589,0
DA:590,0
DA:593,0
DA:595,0
DA:596,0
DA:598,0
DA:599,0
DA:601,0
DA:603,0
DA:604,0
DA:606,0
DA:607,0
DA:611,0
DA:612,0
DA:613,0
DA:616,0
DA:620,0
DA:622,0
DA:623,0
DA:624,0
DA:627,0
DA:629,0
DA:630,0
DA:631,0
DA:632,0
DA:636,0
DA:639,0
DA:640,0
DA:641,0
DA:642,0
DA:643,0
DA:645,0
DA:649,0
DA:654,0
DA:657,0
DA:660,0
DA:665,0
DA:668,0
DA:672,0
DA:674,0
DA:675,0
DA:679,0
DA:680,0
DA:683,0
DA:686,0
DA:690,0
DA:692,0
DA:693,0
DA:696,0
DA:699,0
DA:700,0
DA:703,0
DA:705,0
DA:706,0
DA:710,0
DA:711,0
DA:718,0
DA:722,0
DA:723,0
DA:726,0
DA:730,0
DA:734,0
DA:735,0
DA:737,0
DA:741,0
DA:743,0
DA:744,0
DA:746,0
DA:748,0
DA:749,0
DA:751,0
DA:752,0
DA:756,0
DA:758,0
DA:760,0
DA:763,0
DA:766,0
DA:767,0
DA:769,0
DA:770,0
DA:771,0
DA:773,0
DA:776,0
DA:780,0
DA:784,0
DA:788,0
DA:791,0
DA:792,0
DA:794,0
DA:799,0
DA:801,0
DA:803,0
DA:808,0
DA:809,0
DA:811,0
DA:812,0
DA:813,0
DA:817,0
DA:821,0
DA:822,0
DA:823,0
DA:827,0
DA:828,0
DA:830,0
DA:832,0
DA:834,0
DA:835,0
DA:836,0
DA:838,0
DA:842,0
DA:843,0
DA:844,0
DA:847,0
DA:849,0
DA:850,0
DA:854,0
DA:856,0
DA:864,0
DA:867,0
DA:869,0
DA:870,0
DA:876,0
DA:877,0
DA:878,0
DA:880,0
DA:881,0
DA:882,0
DA:884,0
DA:885,0
DA:886,0
DA:887,0
DA:890,0
DA:891,0
DA:894,0
DA:895,0
DA:896,0
DA:904,0
DA:909,0
DA:914,0
DA:915,0
DA:917,0
DA:920,0
DA:922,0
DA:924,0
DA:925,0
DA:926,0
DA:927,0
DA:928,0
DA:931,0
DA:932,0
DA:933,0
DA:934,0
DA:935,0
DA:936,0
DA:937,0
DA:940,0
DA:944,0
DA:949,0
DA:950,0
DA:951,0
DA:952,0
DA:954,0
DA:959,0
DA:960,0
DA:961,0
DA:962,0
DA:963,0
DA:966,0
DA:967,0
DA:971,0
DA:972,0
DA:973,0
DA:974,0
DA:975,0
DA:976,0
DA:977,0
DA:978,0
DA:979,0
DA:980,0
DA:981,0
DA:984,0
DA:986,0
DA:990,0
DA:995,0
DA:1001,0
DA:1002,0
DA:1003,0
DA:1004,0
DA:1005,0
DA:1011,0
DA:1012,0
DA:1015,0
DA:1016,0
DA:1017,0
DA:1020,0
DA:1022,0
DA:1023,0
DA:1024,0
DA:1025,0
DA:1028,0
DA:1031,0
DA:1032,0
DA:1034,0
DA:1037,0
DA:1038,0
DA:1041,0
DA:1042,0
DA:1046,0
DA:1047,0
DA:1048,0
DA:1051,0
DA:1055,0
DA:1056,0
DA:1057,0
DA:1060,0
DA:1061,0
DA:1062,0
DA:1065,0
DA:1066,0
DA:1067,0
DA:1070,0
DA:1071,0
DA:1074,0
DA:1075,0
DA:1077,0
DA:1079,0
DA:1080,0
DA:1081,0
DA:1082,0
DA:1085,0
DA:1086,0
DA:1088,0
DA:1091,0
DA:1092,0
DA:1095,0
DA:1097,0
DA:1099,0
DA:1102,0
DA:1103,0
DA:1104,0
DA:1105,0
DA:1107,0
DA:1108,0
DA:1109,0
DA:1110,0
DA:1111,0
DA:1115,0
DA:1117,0
DA:1118,0
DA:1123,0
DA:1126,0
DA:1129,0
DA:1132,0
DA:1134,0
DA:1135,0
DA:1136,0
DA:1137,0
DA:1138,0
DA:1141,0
DA:1142,0
DA:1143,0
DA:1144,0
DA:1148,0
DA:1149,0
DA:1150,0
DA:1151,0
DA:1152,0
DA:1153,0
DA:1154,0
DA:1155,0
DA:1156,0
DA:1157,0
DA:1160,0
DA:1161,0
DA:1162,0
DA:1163,0
DA:1164,0
DA:1165,0
DA:1166,0
DA:1167,0
DA:1168,0
DA:1172,0
DA:1176,0
DA:1177,0
DA:1178,0
DA:1179,0
DA:1181,0
DA:1184,0
DA:1185,0
DA:1188,0
DA:1189,0
DA:1193,0
DA:1196,0
DA:1199,0
DA:1201,0
DA:1202,0
DA:1203,0
DA:1204,0
DA:1209,0
DA:1210,0
DA:1211,0
DA:1212,0
DA:1214,0
DA:1215,0
DA:1216,0
DA:1217,0
DA:1218,0
DA:1221,0
DA:1222,0
DA:1223,0
DA:1224,0
DA:1226,0
DA:1230,0
DA:1231,0
DA:1232,0
DA:1233,0
DA:1235,0
DA:1238,0
DA:1239,0
DA:1242,0
DA:1243,0
DA:1247,0
DA:1250,0
DA:1253,0
DA:1255,0
DA:1256,0
DA:1259,0
DA:1260,0
DA:1262,0
DA:1263,0
DA:1265,0
DA:1266,0
DA:1267,0
DA:1269,0
DA:1270,0
DA:1271,0
DA:1273,0
DA:1274,0
DA:1275,0
DA:1277,0
DA:1281,0
DA:1282,0
DA:1283,0
DA:1285,0
DA:1286,0
DA:1289,0
DA:1290,0
DA:1291,0
DA:1293,0
DA:1298,0
DA:1299,0
DA:1300,0
DA:1301,0
DA:1303,0
DA:1304,0
DA:1305,0
DA:1308,0
DA:1309,0
DA:1310,0
DA:1311,0
DA:1314,0
DA:1315,0
DA:1316,0
DA:1318,0
DA:1322,0
DA:1323,0
DA:1324,0
DA:1326,0
DA:1329,0
DA:1331,0
DA:1332,0
DA:1334,0
DA:1337,0
DA:1338,0
DA:1371,0
DA:1400,0
DA:1409,0
DA:1418,0
DA:1419,0
DA:1420,0
DA:1423,0
DA:1424,0
DA:1425,0
DA:1426,0
DA:1427,0
DA:1428,0
DA:1429,0
DA:1430,0
DA:1431,0
DA:1432,0
DA:1434,0
DA:1436,0
DA:1437,0
DA:1438,0
DA:1439,0
DA:1442,0
DA:1443,0
DA:1445,0
DA:1446,0
DA:1448,0
DA:1449,0
DA:1451,0
DA:1454,0
DA:1456,0
DA:1458,0
DA:1459,0
DA:1460,0
DA:1461,0
DA:1462,0
DA:1463,0
DA:1464,0
DA:1466,0
DA:1467,0
DA:1469,0
DA:1472,0
DA:1473,0
DA:1475,0
DA:1476,0
DA:1478,0
DA:1479,0
DA:1481,0
DA:1484,0
DA:1487,0
DA:1488,0
DA:1489,0
DA:1490,0
DA:1491,0
DA:1493,0
DA:1494,0
DA:1495,0
DA:1497,0
DA:1500,0
DA:1501,0
DA:1504,0
DA:1505,0
DA:1506,0
DA:1509,0
DA:1510,0
DA:1513,0
DA:1514,0
DA:1515,0
DA:1516,0
DA:1517,0
DA:1519,0
DA:1520,0
DA:1521,0
DA:1524,0
DA:1525,0
DA:1527,0
DA:1528,0
DA:1531,0
DA:1532,0
DA:1533,0
DA:1535,0
DA:1538,0
DA:1539,0
DA:1540,0
DA:1542,0
DA:1545,0
DA:1546,0
DA:1550,0
DA:1553,0
DA:1554,0
DA:1555,0
DA:1558,0
DA:1559,0
DA:1560,0
DA:1561,0
DA:1562,0
DA:1563,0
DA:1565,0
DA:1566,0
DA:1567,0
DA:1569,0
DA:1570,0
DA:1571,0
DA:1573,0
DA:1574,0
DA:1575,0
DA:1577,0
DA:1581,0
DA:1583,0
DA:1585,0
DA:1586,0
DA:1587,0
DA:1588,0
DA:1589,0
DA:1591,0
DA:1592,0
DA:1593,0
DA:1595,0
DA:1596,0
DA:1597,0
DA:1599,0
DA:1600,0
DA:1601,0
DA:1603,0
DA:1604,0
DA:1606,0
DA:1610,0
DA:1611,0
DA:1612,0
DA:1613,0
DA:1617,0
DA:1619,0
DA:1620,0
DA:1621,0
DA:1623,0
DA:1626,0
DA:1630,0
DA:1631,0
DA:1633,0
DA:1634,0
DA:1635,0
DA:1636,0
DA:1637,0
DA:1639,0
DA:1642,0
DA:1643,0
DA:1646,0
DA:1647,0
DA:1648,0
DA:1650,0
DA:1653,0
DA:1654,0
DA:1655,0
DA:1657,0
DA:1660,0
DA:1661,0
DA:1665,0
DA:1666,0
DA:1669,0
DA:1670,0
DA:1671,0
DA:1674,0
DA:1678,0
DA:1679,0
DA:1680,0
DA:1683,0
DA:1684,0
DA:1687,0
DA:1690,0
DA:1691,0
DA:1692,0
DA:1696,0
DA:1697,0
DA:1698,0
DA:1701,0
DA:1702,0
DA:1703,0
DA:1707,0
DA:1710,0
DA:1711,0
DA:1713,0
DA:1716,0
DA:1717,0
DA:1720,0
DA:1722,0
DA:1725,0
DA:1726,0
DA:1727,0
DA:1731,0
DA:1732,0
DA:1733,0
DA:1736,0
DA:1737,0
DA:1738,0
DA:1742,0
DA:1746,0
DA:1747,0
DA:1748,0
DA:1750,0
DA:1751,0
DA:1754,0
DA:1755,0
DA:1758,0
DA:1759,0
DA:1760,0
DA:1764,0
DA:1766,0
DA:1769,0
DA:1770,0
DA:1771,0
DA:1775,0
DA:1776,0
DA:1777,0
DA:1780,0
DA:1781,0
DA:1782,0
DA:1786,0
DA:1787,0
DA:1789,0
DA:1790,0
DA:1793,0
DA:1795,0
DA:1796,0
DA:1800,0
DA:1801,0
DA:1805,0
DA:1806,0
DA:1810,0
DA:1813,0
DA:1814,0
DA:1818,0
DA:1819,0
DA:1821,0
DA:1822,0
DA:1824,0
DA:1826,0
DA:1827,0
DA:1829,0
DA:1832,0
DA:1836,0
DA:1840,0
DA:1841,0
DA:1842,0
DA:1843,0
DA:1844,0
DA:1847,0
DA:1848,0
DA:1849,0
DA:1850,0
DA:1851,0
DA:1856,0
DA:1857,0
DA:1858,0
DA:1860,0
DA:1861,0
DA:1864,0
DA:1865,0
DA:1866,0
DA:1867,0
DA:1868,0
DA:1870,0
DA:1871,0
DA:1872,0
DA:1873,0
DA:1876,0
DA:1877,0
DA:1878,0
DA:1879,0
DA:1881,0
DA:1882,0
DA:1883,0
DA:1887,0
DA:1891,0
DA:1893,0
DA:1894,0
DA:1895,0
DA:1896,0
DA:1897,0
DA:1898,0
DA:1899,0
DA:1900,0
DA:1901,0
DA:1902,0
DA:1905,0
DA:1907,0
DA:1911,0
DA:1913,0
DA:1914,0
DA:1915,0
DA:1916,0
DA:1917,0
DA:1920,0
DA:1921,0
DA:1922,0
DA:1923,0
DA:1924,0
DA:1928,0
DA:1931,0
DA:1932,0
DA:1933,0
DA:1934,0
DA:1935,0
DA:1940,0
DA:1941,0
DA:1942,0
DA:1944,0
DA:1945,0
DA:1948,0
DA:1949,0
DA:1950,0
DA:1951,0
DA:1952,0
DA:1954,0
DA:1955,0
DA:1956,0
DA:1957,0
DA:1961,0
DA:1962,0
DA:1963,0
DA:1967,0
DA:1969,0
DA:1970,0
DA:1973,0
DA:1977,0
DA:1978,0
DA:1982,0
DA:1983,0
DA:1984,0
DA:1985,0
DA:1988,0
DA:1989,0
DA:1990,0
DA:1992,0
DA:1993,0
DA:1994,0
DA:1996,0
DA:1999,0
DA:2000,0
DA:2001,0
DA:2002,0
DA:2003,0
DA:2004,0
DA:2005,0
DA:2006,0
DA:2007,0
DA:2008,0
DA:2010,0
DA:2011,0
DA:2013,0
DA:2014,0
DA:2016,0
DA:2019,0
DA:2025,0
DA:2026,0
DA:2027,0
DA:2028,0
DA:2029,0
DA:2033,0
DA:2034,0
DA:2035,0
DA:2036,0
DA:2037,0
DA:2038,0
DA:2039,0
DA:2040,0
DA:2041,0
DA:2042,0
DA:2043,0
DA:2044,0
DA:2045,0
DA:2046,0
DA:2047,0
DA:2048,0
DA:2049,0
DA:2050,0
DA:2051,0
DA:2052,0
DA:2053,0
DA:2054,0
DA:2055,0
DA:2056,0
DA:2057,0
DA:2058,0
DA:2059,0
DA:2060,0
DA:2061,0
DA:2062,0
DA:2063,0
DA:2064,0
DA:2065,0
DA:2066,0
DA:2067,0
DA:2068,0
DA:2069,0
DA:2070,0
DA:2071,0
DA:2072,0
DA:2073,0
DA:2074,0
DA:2075,0
DA:2076,0
DA:2077,0
DA:2078,0
DA:2079,0
DA:2080,0
DA:2081,0
DA:2082,0
DA:2083,0
DA:2084,0
DA:2085,0
DA:2086,0
DA:2087,0
DA:2088,0
DA:2089,0
DA:2090,0
DA:2091,0
DA:2092,0
DA:2094,0
DA:2095,0
DA:2097,0
DA:2098,0
DA:2099,0
DA:2100,0
DA:2101,0
DA:2102,0
DA:2103,0
DA:2105,0
DA:2106,0
DA:2107,0
DA:2108,0
DA:2109,0
DA:2110,0
DA:2111,0
DA:2112,0
DA:2113,0
DA:2114,0
DA:2115,0
DA:2117,0
DA:2118,0
DA:2119,0
DA:2120,0
DA:2121,0
DA:2122,0
DA:2123,0
DA:2124,0
DA:2125,0
DA:2126,0
DA:2127,0
DA:2128,0
DA:2129,0
DA:2130,0
DA:2131,0
DA:2133,0
DA:2134,0
DA:2135,0
DA:2136,0
DA:2137,0
DA:2138,0
DA:2139,0
DA:2140,0
DA:2141,0
DA:2142,0
DA:2143,0
DA:2144,0
DA:2145,0
DA:2146,0
DA:2147,0
DA:2148,0
DA:2149,0
DA:2150,0
DA:2151,0
DA:2153,0
DA:2154,0
DA:2155,0
DA:2156,0
DA:2157,0
DA:2158,0
DA:2159,0
DA:2160,0
DA:2161,0
DA:2162,0
DA:2163,0
DA:2164,0
DA:2165,0
DA:2166,0
DA:2167,0
DA:2168,0
DA:2169,0
DA:2170,0
DA:2171,0
DA:2172,0
DA:2173,0
DA:2174,0
DA:2175,0
DA:2177,0
DA:2178,0
DA:2179,0
DA:2180,0
DA:2181,0
DA:2182,0
DA:2183,0
DA:2184,0
DA:2185,0
DA:2186,0
DA:2187,0
DA:2188,0
DA:2189,0
DA:2190,0
DA:2191,0
DA:2192,0
DA:2193,0
DA:2194,0
DA:2195,0
DA:2196,0
DA:2197,0
DA:2198,0
DA:2199,0
DA:2200,0
DA:2201,0
DA:2202,0
DA:2203,0
DA:2205,0
DA:2206,0
DA:2207,0
DA:2208,0
DA:2209,0
DA:2210,0
DA:2211,0
DA:2212,0
DA:2213,0
DA:2214,0
DA:2215,0
DA:2216,0
DA:2217,0
DA:2218,0
DA:2219,0
DA:2220,0
DA:2221,0
DA:2222,0
DA:2223,0
DA:2224,0
DA:2225,0
DA:2226,0
DA:2227,0
DA:2228,0
DA:2229,0
DA:2230,0
DA:2231,0
DA:2232,0
DA:2233,0
DA:2234,0
DA:2235,0
DA:2237,0
DA:2238,0
DA:2239,0
DA:2240,0
DA:2241,0
DA:2242,0
DA:2243,0
DA:2244,0
DA:2245,0
DA:2246,0
DA:2247,0
DA:2248,0
DA:2249,0
DA:2250,0
DA:2251,0
DA:2252,0
DA:2253,0
DA:2254,0
DA:2255,0
DA:2256,0
DA:2257,0
DA:2258,0
DA:2259,0
DA:2260,0
DA:2261,0
DA:2262,0
DA:2263,0
DA:2264,0
DA:2265,0
DA:2266,0
DA:2267,0
DA:2268,0
DA:2269,0
DA:2270,0
DA:2271,0
DA:2273,0
DA:2274,0
DA:2275,0
DA:2276,0
DA:2277,0
DA:2278,0
DA:2279,0
DA:2280,0
DA:2281,0
DA:2282,0
DA:2283,0
DA:2284,0
DA:2285,0
DA:2286,0
DA:2287,0
DA:2288,0
DA:2289,0
DA:2290,0
DA:2291,0
DA:2292,0
DA:2293,0
DA:2294,0
DA:2295,0
DA:2296,0
DA:2297,0
DA:2298,0
DA:2299,0
DA:2300,0
DA:2301,0
DA:2302,0
DA:2303,0
DA:2304,0
DA:2305,0
DA:2306,0
DA:2307,0
DA:2308,0
DA:2309,0
DA:2310,0
DA:2311,0
DA:2313,0
DA:2314,0
DA:2315,0
DA:2316,0
DA:2317,0
DA:2318,0
DA:2319,0
DA:2320,0
DA:2321,0
DA:2322,0
DA:2323,0
DA:2324,0
DA:2325,0
DA:2326,0
DA:2327,0
DA:2328,0
DA:2329,0
DA:2330,0
DA:2331,0
DA:2332,0
DA:2333,0
DA:2334,0
DA:2335,0
DA:2336,0
DA:2337,0
DA:2338,0
DA:2339,0
DA:2340,0
DA:2341,0
DA:2342,0
DA:2343,0
DA:2344,0
DA:2345,0
DA:2346,0
DA:2347,0
DA:2348,0
DA:2349,0
DA:2350,0
DA:2351,0
DA:2352,0
DA:2353,0
DA:2354,0
DA:2355,0
DA:2357,0
DA:2358,0
DA:2359,0
DA:2360,0
DA:2361,0
DA:2362,0
DA:2363,0
DA:2364,0
DA:2365,0
DA:2366,0
DA:2367,0
DA:2368,0
DA:2369,0
DA:2370,0
DA:2371,0
DA:2372,0
DA:2373,0
DA:2374,0
DA:2375,0
DA:2376,0
DA:2377,0
DA:2378,0
DA:2379,0
DA:2380,0
DA:2381,0
DA:2382,0
DA:2383,0
DA:2384,0
DA:2385,0
DA:2386,0
DA:2387,0
DA:2388,0
DA:2389,0
DA:2390,0
DA:2391,0
DA:2392,0
DA:2393,0
DA:2394,0
DA:2395,0
DA:2397,0
DA:2398,0
DA:2399,0
DA:2400,0
DA:2401,0
DA:2402,0
DA:2403,0
DA:2404,0
DA:2405,0
DA:2406,0
DA:2407,0
DA:2408,0
DA:2409,0
DA:2410,0
DA:2411,0
DA:2412,0
DA:2413,0
DA:2414,0
DA:2415,0
DA:2416,0
DA:2417,0
DA:2418,0
DA:2419,0
DA:2420,0
DA:2421,0
DA:2422,0
DA:2423,0
DA:2424,0
DA:2425,0
DA:2426,0
DA:2427,0
DA:2428,0
DA:2429,0
DA:2430,0
DA:2431,0
DA:2433,0
DA:2434,0
DA:2435,0
DA:2436,0
DA:2437,0
DA:2438,0
DA:2439,0
DA:2440,0
DA:2441,0
DA:2442,0
DA:2443,0
DA:2444,0
DA:2445,0
DA:2446,0
DA:2447,0
DA:2448,0
DA:2449,0
DA:2450,0
DA:2451,0
DA:2452,0
DA:2453,0
DA:2454,0
DA:2455,0
DA:2456,0
DA:2457,0
DA:2458,0
DA:2459,0
DA:2460,0
DA:2461,0
DA:2462,0
DA:2463,0
DA:2465,0
DA:2466,0
DA:2467,0
DA:2468,0
DA:2469,0
DA:2470,0
DA:2471,0
DA:2472,0
DA:2473,0
DA:2474,0
DA:2475,0
DA:2476,0
DA:2477,0
DA:2478,0
DA:2479,0
DA:2480,0
DA:2481,0
DA:2482,0
DA:2483,0
DA:2484,0
DA:2485,0
DA:2486,0
DA:2487,0
DA:2488,0
DA:2489,0
DA:2490,0
DA:2491,0
DA:2493,0
DA:2494,0
DA:2495,0
DA:2496,0
DA:2497,0
DA:2498,0
DA:2499,0
DA:2500,0
DA:2501,0
DA:2502,0
DA:2503,0
DA:2504,0
DA:2505,0
DA:2506,0
DA:2507,0
DA:2508,0
DA:2509,0
DA:2510,0
DA:2511,0
DA:2512,0
DA:2513,0
DA:2514,0
DA:2515,0
DA:2517,0
DA:2518,0
DA:2519,0
DA:2520,0
DA:2521,0
DA:2522,0
DA:2523,0
DA:2524,0
DA:2525,0
DA:2526,0
DA:2527,0
DA:2528,0
DA:2529,0
DA:2530,0
DA:2531,0
DA:2532,0
DA:2533,0
DA:2534,0
DA:2535,0
DA:2537,0
DA:2538,0
DA:2539,0
DA:2540,0
DA:2541,0
DA:2542,0
DA:2543,0
DA:2544,0
DA:2545,0
DA:2546,0
DA:2547,0
DA:2548,0
DA:2549,0
DA:2550,0
DA:2551,0
DA:2553,0
DA:2554,0
DA:2555,0
DA:2556,0
DA:2557,0
DA:2558,0
DA:2559,0
DA:2560,0
DA:2561,0
DA:2562,0
DA:2563,0
DA:2565,0
DA:2566,0
DA:2567,0
DA:2568,0
DA:2569,0
DA:2570,0
DA:2571,0
DA:2572,0
DA:2573,0
DA:2574,0
DA:2575,0
DA:2576,0
DA:2577,0
DA:2578,0
DA:2579,0
DA:2580,0
DA:2581,0
DA:2582,0
DA:2583,0
DA:2584,0
DA:2585,0
DA:2586,0
DA:2587,0
DA:2588,0
DA:2589,0
DA:2590,0
DA:2591,0
DA:2592,0
DA:2593,0
DA:2595,0
DA:2599,0
DA:2600,0
DA:2604,0
DA:2605,0
DA:2607,0
DA:2608,0
DA:2609,0
DA:2612,0
DA:2613,0
DA:2614,0
DA:2615,0
DA:2616,0
DA:2617,0
DA:2618,0
DA:2619,0
DA:2620,0
DA:2622,0
DA:2623,0
DA:2624,0
DA:2625,0
DA:2626,0
DA:2628,0
DA:2629,0
DA:2631,0
DA:2632,0
DA:2633,0
DA:2635,0
DA:2636,0
DA:2638,0
DA:2641,0
DA:2645,0
DA:2646,0
DA:2649,0
DA:2651,0
DA:2652,0
DA:2653,0
DA:2654,0
DA:2655,0
DA:2656,0
DA:2657,0
DA:2659,0
DA:2662,0
DA:2669,0
DA:2670,0
DA:2673,0
DA:2674,0
DA:2675,0
DA:2676,0
DA:2677,0
DA:2680,0
DA:2684,0
DA:2685,0
DA:2687,0
DA:2688,0
DA:2689,0
DA:2690,0
DA:2693,0
DA:2698,0
DA:2699,0
DA:2700,0
DA:2701,0
DA:2705,0
DA:2706,0
DA:2708,0
DA:2709,0
DA:2711,0
DA:2712,0
DA:2714,0
DA:2715,0
DA:2716,0
DA:2718,0
DA:2719,0
DA:2720,0
DA:2722,0
DA:2723,0
DA:2725,0
DA:2727,0
DA:2728,0
DA:2730,0
DA:2731,0
DA:2733,0
DA:2734,0
DA:2737,0
DA:2738,0
DA:2740,0
DA:2741,0
DA:2748,0
DA:2749,0
DA:2750,0
DA:2751,0
DA:2752,0
DA:2753,0
DA:2756,0
DA:2759,0
DA:2760,0
DA:2762,0
DA:2763,0
DA:2765,0
DA:2766,0
DA:2768,0
DA:2770,0
DA:2771,0
DA:2775,0
DA:2776,0
DA:2777,0
DA:2778,0
DA:2782,0
DA:2784,0
DA:2785,0
DA:2787,0
DA:2791,0
DA:2794,0
DA:2795,0
DA:2796,0
DA:2797,0
DA:2799,0
DA:2800,0
DA:2804,0
DA:2805,0
DA:2808,0
DA:2809,0
DA:2812,0
DA:2813,0
DA:2814,0
DA:2815,0
DA:2818,0
DA:2821,0
DA:2822,0
DA:2824,0
DA:2826,0
DA:2828,0
DA:2829,0
DA:2830,0
DA:2832,0
DA:2833,0
DA:2834,0
DA:2836,0
DA:2837,0
DA:2839,0
DA:2840,0
DA:2842,0
DA:2843,0
DA:2845,0
DA:2846,0
DA:2847,0
DA:2848,0
DA:2851,0
DA:2852,0
DA:2853,0
DA:2854,0
DA:2856,0
DA:2857,0
DA:2858,0
DA:2862,0
DA:2863,0
DA:2864,0
DA:2865,0
DA:2869,0
DA:2870,0
DA:2871,0
DA:2872,0
DA:2876,0
DA:2877,0
DA:2880,0
DA:2881,0
DA:2882,0
DA:2885,0
DA:2886,0
DA:2887,0
DA:2888,0
DA:2889,0
DA:2890,0
DA:2892,0
DA:2893,0
DA:2896,0
DA:2897,0
DA:2898,0
DA:2901,0
DA:2904,0
DA:2905,0
DA:2909,0
DA:2910,0
DA:2914,0
DA:2915,0
DA:2919,0
DA:2920,0
DA:2921,0
DA:2924,0
DA:2925,0
DA:2926,0
DA:2929,0
DA:2930,0
DA:2931,0
DA:2933,0
DA:2937,0
DA:2941,0
DA:2942,0
DA:2943,0
DA:2944,0
DA:2945,0
DA:2948,0
DA:2949,0
DA:2951,0
DA:2952,0
DA:2953,0
DA:2954,0
DA:2955,0
DA:2958,0
DA:2959,0
DA:2960,0
DA:2964,0
DA:2965,0
DA:2966,0
DA:2969,0
DA:2970,0
DA:2973,0
DA:2976,0
DA:2979,0
DA:2981,0
DA:2982,0
DA:2988,0
DA:2989,0
DA:2991,0
DA:2992,0
DA:2994,0
DA:2997,0
DA:2998,0
DA:2999,0
DA:3000,0
DA:3002,0
DA:3003,0
DA:3006,0
DA:3007,0
DA:3008,0
DA:3010,0
DA:3013,0
DA:3015,0
DA:3016,0
DA:3017,0
DA:3018,0
DA:3021,0
DA:3022,0
DA:3025,0
DA:3026,0
DA:3027,0
DA:3028,0
DA:3029,0
DA:3033,0
DA:3034,0
DA:3037,0
DA:3038,0
DA:3039,0
DA:3042,0
DA:3045,0
DA:3047,0
DA:3048,0
DA:3052,0
DA:3053,0
DA:3056,0
DA:3057,0
DA:3061,0
DA:3062,0
DA:3065,0
DA:3066,0
DA:3070,0
DA:3071,0
DA:3072,0
DA:3073,0
DA:3074,0
DA:3077,0
DA:3080,0
DA:3082,0
DA:3086,0
DA:3087,0
DA:3088,0
DA:3089,0
DA:3091,0
DA:3093,0
DA:3094,0
DA:3097,0
DA:3098,0
DA:3100,0
DA:3102,0
DA:3103,0
DA:3104,0
DA:3107,0
DA:3111,0
DA:3112,0
DA:3116,0
DA:3117,0
DA:3118,0
DA:3119,0
DA:3122,0
DA:3123,0
DA:3124,0
DA:3125,0
DA:3126,0
DA:3129,0
DA:3130,0
DA:3131,0
DA:3132,0
DA:3136,0
DA:3139,0
DA:3140,0
DA:3143,0
DA:3144,0
DA:3145,0
DA:3146,0
DA:3148,0
DA:3151,0
DA:3153,0
DA:3157,0
DA:3158,0
DA:3159,0
DA:3160,0
DA:3162,0
DA:3163,0
DA:3164,0
DA:3165,0
DA:3166,0
DA:3169,0
DA:3171,0
DA:3172,0
DA:3173,0
DA:3176,0
DA:3177,0
DA:3178,0
DA:3182,0
DA:3185,0
DA:3186,0
DA:3189,0
DA:3190,0
DA:3193,0
DA:3194,0
DA:3196,0
DA:3199,0
DA:3200,0
DA:3203,0
DA:3204,0
DA:3207,0
DA:3210,0
DA:3211,0
DA:3212,0
DA:3213,0
DA:3214,0
DA:3215,0
DA:3216,0
DA:3218,0
DA:3219,0
DA:3220,0
DA:3221,0
DA:3224,0
DA:3227,0
DA:3228,0
DA:3229,0
DA:3230,0
DA:3231,0
DA:3232,0
DA:3234,0
DA:3236,0
DA:3239,0
DA:3240,0
DA:3242,0
DA:3243,0
DA:3246,0
DA:3247,0
DA:3248,0
DA:3249,0
DA:3250,0
DA:3251,0
DA:3252,0
DA:3256,0
DA:3259,0
DA:3260,0
DA:3261,0
DA:3262,0
DA:3263,0
DA:3264,0
DA:3268,0
DA:3269,0
DA:3270,0
DA:3271,0
DA:3272,0
DA:3276,0
DA:3277,0
DA:3282,0
DA:3284,0
DA:3285,0
DA:3286,0
DA:3287,0
DA:3288,0
DA:3289,0
DA:3290,0
DA:3293,0
DA:3294,0
DA:3297,0
DA:3298,0
DA:3300,0
DA:3303,0
DA:3304,0
DA:3307,0
DA:3317,0
DA:3318,0
DA:3320,0
DA:3321,0
DA:3328,0
DA:3329,0
DA:3331,0
DA:3332,0
DA:3335,0
DA:3336,0
DA:3337,0
DA:3338,0
DA:3342,0
DA:3348,0
DA:3349,0
DA:3351,0
DA:3352,0
DA:3355,0
DA:3361,0
DA:3362,0
DA:3364,0
DA:3365,0
DA:3366,0
DA:3367,0
DA:3371,0
DA:3380,0
DA:3381,0
DA:3388,0
DA:3389,0
DA:3390,0
DA:3396,0
DA:3397,0
DA:3403,0
DA:3409,0
DA:3413,0
DA:3414,0
DA:3418,0
DA:3419,0
DA:3422,0
DA:3423,0
DA:3427,0
DA:3428,0
DA:3431,0
DA:3433,0
DA:3435,0
DA:3436,0
DA:3437,0
DA:3440,0
DA:3443,0
DA:3446,0
DA:3447,0
DA:3448,0
DA:3450,0
DA:3451,0
DA:3452,0
DA:3455,0
DA:3459,0
DA:3460,0
DA:3462,0
DA:3463,0
DA:3464,0
DA:3465,0
DA:3466,0
DA:3469,0
DA:3472,0
DA:3473,0
DA:3476,0
DA:3477,0
DA:3478,0
DA:3480,0
DA:3481,0
DA:3483,0
DA:3484,0
DA:3486,0
DA:3490,0
DA:3491,0
DA:3494,0
DA:3495,0
DA:3497,0
DA:3499,0
DA:3500,0
DA:3501,0
DA:3502,0
DA:3505,0
DA:3506,0
DA:3508,0
DA:3509,0
DA:3510,0
DA:3511,0
DA:3512,0
DA:3513,0
DA:3514,0
DA:3515,0
DA:3518,0
DA:3519,0
DA:3523,0
DA:3524,0
DA:3525,0
DA:3526,0
DA:3527,0
DA:3528,0
DA:3529,0
DA:3532,0
DA:3533,0
DA:3537,0
DA:3538,0
DA:3539,0
DA:3540,0
DA:3542,0
DA:3543,0
DA:3544,0
DA:3548,0
DA:3558,0
DA:3559,0
DA:3560,0
DA:3562,0
DA:3563,0
DA:3565,0
DA:3566,0
DA:3568,0
DA:3571,0
DA:3572,0
DA:3574,0
DA:3576,0
DA:3577,0
DA:3578,0
DA:3579,0
DA:3580,0
DA:3581,0
DA:3582,0
DA:3585,0
DA:3589,0
DA:3590,0
DA:3591,0
DA:3592,0
DA:3593,0
DA:3594,0
DA:3597,0
DA:3601,0
DA:3602,0
DA:3603,0
DA:3605,0
DA:3606,0
DA:3611,0
DA:3612,0
DA:3614,0
DA:3617,0
DA:3618,0
DA:3621,0
DA:3624,0
DA:3625,0
DA:3626,0
DA:3628,0
DA:3629,0
DA:3630,0
DA:3631,0
DA:3634,0
DA:3635,0
DA:3636,0
DA:3639,0
DA:3640,0
DA:3641,0
DA:3643,0
DA:3644,0
DA:3647,0
DA:3648,0
DA:3650,0
DA:3651,0
DA:3652,0
DA:3653,0
DA:3654,0
DA:3657,0
DA:3660,0
DA:3664,0
DA:3665,0
DA:3668,0
DA:3669,0
DA:3672,0
DA:3673,0
DA:3677,0
DA:3678,0
DA:3682,0
DA:3683,0
DA:3684,0
DA:3685,0
DA:3686,0
DA:3689,0
DA:3690,0
DA:3691,0
DA:3692,0
DA:3696,0
DA:3697,0
DA:3698,0
DA:3699,0
DA:3700,0
DA:3701,0
DA:3702,0
DA:3704,0
DA:3705,0
DA:3706,0
DA:3708,0
DA:3711,0
DA:3712,0
DA:3715,0
DA:3716,0
DA:3718,0
DA:3719,0
DA:3721,0
DA:3724,0
DA:3725,0
DA:3727,0
DA:3728,0
DA:3731,0
DA:3733,0
DA:3734,0
DA:3736,0
DA:3737,0
DA:3744,0
DA:3745,0
DA:3746,0
DA:3748,0
DA:3749,0
DA:3750,0
DA:3754,0
DA:3756,0
DA:3757,0
DA:3759,0
DA:3760,0
DA:3761,0
DA:3762,0
DA:3764,0
DA:3765,0
DA:3766,0
DA:3767,0
DA:3768,0
DA:3770,0
DA:3772,0
DA:3775,0
DA:3776,0
DA:3779,0
DA:3780,0
DA:3783,0
DA:3784,0
DA:3787,0
DA:3788,0
DA:3791,0
DA:3792,0
DA:3795,0
DA:3796,0
DA:3799,0
DA:3800,0
DA:3803,0
DA:3804,0
DA:3807,0
DA:3808,0
DA:3811,0
DA:3812,0
DA:3819,0
DA:3820,0
DA:3823,0
DA:3824,0
DA:3825,0
DA:3826,0
DA:3829,0
DA:3830,0
DA:3831,0
DA:3834,0
DA:3835,0
DA:3836,0
DA:3839,0
DA:3840,0
DA:3841,0
DA:3844,0
DA:3845,0
DA:3846,0
DA:3849,0
DA:3850,0
DA:3851,0
DA:3854,0
DA:3855,0
DA:3856,0
DA:3859,0
DA:3860,0
DA:3861,0
DA:3864,0
DA:3865,0
DA:3866,0
DA:3869,0
DA:3870,0
DA:3871,0
DA:3872,0
DA:3875,0
DA:3876,0
DA:3877,0
DA:3878,0
DA:3881,0
DA:3882,0
DA:3883,0
DA:3884,0
DA:3887,0
DA:3888,0
DA:3889,0
DA:3890,0
DA:3894,0
DA:3895,0
DA:3896,0
DA:3897,0
DA:3900,0
DA:3901,0
DA:3902,0
DA:3903,0
DA:3907,0
DA:3908,0
DA:3909,0
DA:3910,0
DA:3913,0
DA:3914,0
DA:3915,0
DA:3916,0
DA:3920,0
DA:3930,0
DA:3931,0
DA:3932,0
DA:3933,0
DA:3935,0
DA:3938,0
DA:3939,0
DA:3940,0
DA:3941,0
DA:3944,0
DA:3947,0
DA:3950,0
DA:3951,0
DA:3952,0
DA:3953,0
DA:3954,0
DA:3957,0
DA:3958,0
DA:3959,0
DA:3960,0
DA:3961,0
DA:3962,0
DA:3964,0
DA:3967,0
DA:3970,0
DA:3971,0
DA:3974,0
DA:3975,0
DA:3979,0
DA:3984,0
DA:3986,0
DA:3988,0
DA:3990,0
DA:3991,0
DA:3992,0
DA:3994,0
DA:3996,0
DA:3997,0
DA:3998,0
DA:3999,0
DA:4003,0
DA:4004,0
DA:4006,0
DA:4007,0
DA:4008,0
DA:4009,0
DA:4011,0
DA:4012,0
DA:4013,0
DA:4014,0
DA:4016,0
DA:4020,0
DA:4022,0
DA:4023,0
DA:4024,0
DA:4027,0
DA:4028,0
DA:4029,0
DA:4030,0
DA:4031,0
DA:4032,0
DA:4036,0
DA:4037,0
DA:4038,0
DA:4039,0
DA:4042,0
DA:4046,0
DA:4051,0
DA:4054,0
DA:4059,0
DA:4063,0
DA:4068,0
DA:4070,0
DA:4072,0
DA:4073,0
DA:4074,0
DA:4075,0
DA:4076,0
DA:4078,0
DA:4079,0
DA:4081,0
DA:4082,0
DA:4084,0
DA:4088,0
DA:4090,0
DA:4093,0
DA:4094,0
DA:4095,0
DA:4096,0
DA:4097,0
DA:4098,0
DA:4099,0
DA:4100,0
DA:4102,0
DA:4104,0
DA:4106,0
DA:4113,0
DA:4114,0
DA:4115,0
DA:4116,0
DA:4118,0
DA:4119,0
DA:4120,0
DA:4124,0
DA:4125,0
DA:4126,0
DA:4129,0
DA:4130,0
DA:4131,0
DA:4135,0
DA:4136,0
DA:4137,0
DA:4140,0
DA:4141,0
DA:4142,0
DA:4145,0
DA:4148,0
DA:4149,0
DA:4151,0
DA:4152,0
DA:4153,0
DA:4155,0
DA:4158,0
DA:4159,0
DA:4161,0
DA:4162,0
DA:4163,0
DA:4165,0
DA:4168,0
DA:4169,0
DA:4171,0
DA:4172,0
DA:4173,0
DA:4175,0
DA:4178,0
DA:4179,0
DA:4181,0
DA:4182,0
DA:4183,0
DA:4185,0
DA:4188,0
DA:4189,0
DA:4190,0
DA:4193,0
DA:4194,0
DA:4195,0
DA:4198,0
DA:4199,0
DA:4200,0
DA:4203,0
DA:4204,0
DA:4207,0
DA:4208,0
DA:4211,0
DA:4212,0
DA:4214,0
DA:4215,0
DA:4218,0
DA:4219,0
DA:4220,0
DA:4226,0
DA:4227,0
DA:4228,0
DA:4229,0
DA:4230,0
DA:4232,0
DA:4234,0
DA:4235,0
DA:4239,0
DA:4240,0
DA:4241,0
DA:4243,0
DA:4244,0
DA:4247,0
DA:4248,0
DA:4249,0
DA:4250,0
DA:4251,0
DA:4252,0
DA:4253,0
DA:4254,0
DA:4256,0
DA:4257,0
DA:4259,0
DA:4260,0
DA:4261,0
DA:4262,0
DA:4265,0
DA:4268,0
DA:4269,0
DA:4270,0
DA:4271,0
DA:4272,0
DA:4274,0
DA:4278,0
DA:4279,0
DA:4280,0
DA:4282,0
DA:4283,0
DA:4284,0
DA:4285,0
DA:4286,0
DA:4287,0
DA:4290,0
DA:4291,0
DA:4292,0
DA:4293,0
DA:4294,0
DA:4295,0
DA:4298,0
DA:4299,0
DA:4300,0
DA:4301,0
DA:4302,0
DA:4303,0
DA:4306,0
DA:4307,0
DA:4308,0
DA:4311,0
DA:4312,0
DA:4313,0
DA:4314,0
DA:4316,0
DA:4317,0
DA:4318,0
DA:4320,0
DA:4323,0
DA:4326,0
DA:4327,0
DA:4329,0
DA:4332,0
DA:4333,0
DA:4334,0
DA:4335,0
DA:4342,0
DA:4343,0
DA:4347,0
DA:4349,0
DA:4350,0
DA:4351,0
DA:4354,0
DA:4355,0
DA:4356,0
DA:4358,0
DA:4359,0
DA:4360,0
DA:4362,0
DA:4364,0
DA:4365,0
DA:4368,0
DA:4369,0
DA:4370,0
DA:4371,0
DA:4374,0
DA:4375,0
DA:4376,0
DA:4377,0
DA:4378,0
DA:4381,0
DA:4382,0
DA:4383,0
DA:4384,0
DA:4386,0
DA:4387,0
DA:4388,0
DA:4389,0
DA:4392,0
DA:4395,0
DA:4396,0
DA:4398,0
DA:4399,0
DA:4400,0
DA:4401,0
DA:4402,0
DA:4403,0
DA:4404,0
DA:4405,0
DA:4408,0
DA:4411,0
DA:4413,0
DA:4414,0
DA:4431,0
DA:4432,0
DA:4434,0
DA:4435,0
DA:4436,0
DA:4438,0
DA:4439,0
DA:4455,0
DA:4457,0
DA:4458,0
DA:4465,0
DA:4466,0
DA:4467,0
DA:4468,0
DA:4470,0
DA:4475,0
DA:4476,0
DA:4479,0
DA:4480,0
DA:4481,0
DA:4496,0
DA:4497,0
DA:4498,0
DA:4502,0
DA:4504,0
DA:4508,0
DA:4510,0
DA:4518,0
DA:4521,0
DA:4522,0
DA:4525,0
DA:4526,0
DA:4529,0
DA:4530,0
DA:4533,0
DA:4544,0
DA:4545,0
DA:4550,0
DA:4551,0
DA:4554,0
DA:4555,0
DA:4556,0
DA:4557,0
DA:4562,0
DA:4563,0
DA:4564,0
DA:4566,0
DA:4570,0
DA:4574,0
DA:4581,0
DA:4582,0
DA:4586,0
DA:4587,0
DA:4593,0
DA:4594,0
DA:4599,0
DA:4600,0
DA:4604,0
DA:4605,0
DA:4608,0
DA:4609,0
DA:4612,0
DA:4613,0
DA:4615,0
DA:4617,0
DA:4621,0
DA:4624,0
DA:4628,0
DA:4629,0
DA:4630,0
DA:4631,0
DA:4633,0
DA:4637,0
DA:4639,0
DA:4640,0
DA:4643,0
DA:4644,0
DA:4648,0
DA:4649,0
DA:4650,0
DA:4651,0
DA:4653,0
DA:4657,0
DA:4658,0
DA:4662,0
DA:4663,0
DA:4664,0
DA:4666,0
DA:4667,0
DA:4670,0
DA:4671,0
DA:4674,0
DA:4675,0
DA:4677,0
DA:4678,0
DA:4680,0
DA:4683,0
DA:4684,0
DA:4688,0
DA:4694,0
DA:4695,0
DA:4698,0
DA:4702,0
DA:4703,0
DA:4705,0
DA:4708,0
DA:4709,0
DA:4712,0
DA:4713,0
DA:4714,0
DA:4717,0
DA:4719,0
DA:4720,0
DA:4722,0
DA:4723,0
DA:4724,0
DA:4725,0
DA:4726,0
DA:4730,0
DA:4731,0
DA:4732,0
DA:4735,0
DA:4736,0
DA:4748,0
DA:4750,0
DA:4754,0
DA:4755,0
DA:4756,0
DA:4759,0
DA:4760,0
DA:4764,0
DA:4765,0
DA:4766,0
DA:4767,0
DA:4771,0
DA:4772,0
DA:4773,0
DA:4774,0
DA:4775,0
DA:4776,0
DA:4778,0
DA:4779,0
DA:4781,0
DA:4785,0
DA:4786,0
DA:4788,0
DA:4790,0
DA:4792,0
DA:4793,0
DA:4796,0
DA:4797,0
DA:4800,0
DA:4801,0
DA:4802,0
DA:4806,0
DA:4810,0
DA:4815,0
DA:4817,0
DA:4819,0
DA:4821,0
DA:4822,0
DA:4823,0
DA:4827,0
DA:4830,0
DA:4839,0
DA:4840,0
DA:4844,0
DA:4845,0
DA:4848,0
DA:4849,0
DA:4852,0
DA:4853,0
DA:4857,0
DA:4858,0
DA:4860,0
DA:4861,0
DA:4864,0
DA:4866,0
DA:4867,0
DA:4869,0
DA:4873,0
DA:4876,0
DA:4880,0
DA:4883,0
DA:4889,0
DA:4892,0
DA:4893,0
DA:4894,0
DA:4901,0
DA:4904,0
DA:4905,0
DA:4906,0
DA:4909,0
DA:4910,0
DA:4911,0
DA:4912,0
DA:4914,0
DA:4915,0
DA:4917,0
DA:4920,0
DA:4921,0
DA:4922,0
DA:4923,0
DA:4925,0
DA:4926,0
DA:4927,0
DA:4929,0
DA:4932,0
DA:4933,0
DA:4934,0
DA:4935,0
DA:4937,0
DA:4938,0
DA:4939,0
DA:4940,0
DA:4941,0
DA:4943,0
DA:4946,0
DA:4947,0
DA:4948,0
DA:4949,0
DA:4950,0
DA:4953,0
DA:4954,0
DA:4955,0
DA:4956,0
DA:4959,0
DA:4960,0
DA:4961,0
DA:4962,0
DA:4963,0
DA:4964,0
DA:4966,0
DA:4969,0
DA:4970,0
DA:4971,0
DA:4974,0
DA:4975,0
DA:4977,0
DA:4978,0
DA:4980,0
DA:4981,0
DA:4983,0
DA:4984,0
DA:4987,0
DA:4988,0
DA:4991,0
DA:4992,0
DA:4994,0
DA:4995,0
DA:4997,0
DA:4998,0
DA:5001,0
DA:5002,0
DA:5003,0
DA:5004,0
DA:5006,0
DA:5008,0
DA:5009,0
DA:5010,0
DA:5012,0
DA:5013,0
DA:5015,0
DA:5016,0
DA:5017,0
DA:5018,0
DA:5019,0
DA:5023,0
DA:5024,0
DA:5025,0
DA:5039,0
DA:5042,0
DA:5043,0
DA:5044,0
DA:5045,0
DA:5046,0
DA:5047,0
DA:5048,0
DA:5050,0
DA:5051,0
DA:5053,0
DA:5057,0
DA:5058,0
DA:5059,0
DA:5060,0
DA:5061,0
DA:5062,0
DA:5063,0
DA:5067,0
DA:5068,0
DA:5072,0
DA:5074,0
DA:5075,0
DA:5077,0
DA:5078,0
DA:5079,0
DA:5080,0
DA:5081,0
DA:5082,0
DA:5084,0
DA:5087,0
DA:5090,0
DA:5094,0
DA:5095,0
DA:5096,0
DA:5098,0
DA:5099,0
DA:5100,0
DA:5102,0
DA:5103,0
DA:5105,0
DA:5106,0
DA:5107,0
DA:5108,0
DA:5113,0
DA:5114,0
DA:5116,0
DA:5121,0
DA:5122,0
DA:5123,0
DA:5124,0
DA:5125,0
DA:5126,0
DA:5128,0
DA:5129,0
DA:5133,0
DA:5134,0
DA:5135,0
DA:5136,0
DA:5137,0
DA:5138,0
DA:5139,0
DA:5142,0
DA:5146,0
DA:5149,0
DA:5150,0
DA:5153,0
DA:5154,0
DA:5157,0
DA:5158,0
DA:5162,0
DA:5163,0
DA:5164,0
DA:5165,0
DA:5167,0
DA:5168,0
DA:5169,0
DA:5174,0
DA:5175,0
DA:5177,0
DA:5178,0
DA:5180,0
DA:5181,0
DA:5182,0
DA:5183,0
DA:5185,0
DA:5189,0
DA:5193,0
DA:5197,0
DA:5201,0
DA:5205,0
DA:5208,0
DA:5210,0
DA:5211,0
DA:5212,0
DA:5213,0
DA:5215,0
DA:5216,0
DA:5217,0
DA:5218,0
DA:5220,0
DA:5221,0
DA:5222,0
DA:5223,0
DA:5224,0
DA:5226,0
DA:5227,0
DA:5231,0
DA:5236,0
DA:5237,0
DA:5239,0
DA:5240,0
DA:5243,0
DA:5245,0
DA:5246,0
DA:5247,0
DA:5249,0
DA:5253,0
DA:5256,0
DA:5260,0
DA:5264,0
DA:5270,0
DA:5273,0
DA:5274,0
DA:5275,0
DA:5280,0
DA:5281,0
DA:5288,0
DA:5289,0
DA:5291,0
DA:5296,0
DA:5297,0
DA:5299,0
DA:5300,0
DA:5301,0
DA:5302,0
DA:5303,0
DA:5308,0
DA:5311,0
DA:5313,0
DA:5314,0
DA:5316,0
DA:5318,0
DA:5319,0
DA:5320,0
DA:5321,0
DA:5322,0
DA:5325,0
DA:5327,0
DA:5328,0
DA:5329,0
DA:5330,0
DA:5331,0
DA:5332,0
DA:5335,0
DA:5337,0
DA:5338,0
DA:5339,0
DA:5340,0
DA:5341,0
DA:5342,0
DA:5343,0
DA:5349,0
DA:5352,0
DA:5353,0
DA:5354,0
DA:5356,0
DA:5357,0
DA:5358,0
DA:5361,0
DA:5362,0
DA:5365,0
DA:5371,0
DA:5374,0
DA:5375,0
DA:5376,0
DA:5380,0
DA:5381,0
DA:5382,0
DA:5383,0
DA:5388,0
DA:5392,0
DA:5393,0
DA:5395,0
DA:5396,0
DA:5398,0
DA:5402,0
DA:5403,0
DA:5405,0
DA:5406,0
DA:5408,0
DA:5412,0
DA:5414,0
DA:5415,0
DA:5417,0
DA:5418,0
DA:5419,0
DA:5421,0
DA:5425,0
DA:5426,0
DA:5427,0
DA:5428,0
DA:5430,0
DA:5433,0
DA:5434,0
DA:5435,0
DA:5436,0
DA:5438,0
DA:5439,0
DA:5440,0
DA:5441,0
DA:5442,0
DA:5445,0
DA:5446,0
DA:5447,0
DA:5448,0
DA:5449,0
DA:5452,0
DA:5454,0
DA:5456,0
DA:5457,0
DA:5464,0
DA:5465,0
DA:5468,0
DA:5469,0
DA:5470,0
DA:5471,0
DA:5473,0
DA:5474,0
DA:5475,0
DA:5476,0
DA:5477,0
DA:5480,0
DA:5483,0
DA:5484,0
DA:5485,0
DA:5486,0
DA:5487,0
DA:5490,0
DA:5491,0
DA:5492,0
DA:5493,0
DA:5496,0
DA:5499,0
DA:5500,0
DA:5501,0
DA:5502,0
DA:5505,0
DA:5506,0
DA:5507,0
DA:5508,0
DA:5511,0
DA:5512,0
DA:5513,0
DA:5514,0
DA:5517,0
DA:5518,0
DA:5519,0
DA:5521,0
DA:5527,0
DA:5528,0
DA:5529,0
DA:5531,0
DA:5537,0
DA:5538,0
DA:5539,0
DA:5540,0
DA:5542,0
DA:5543,0
DA:5544,0
DA:5545,0
DA:5546,0
DA:5548,0
DA:5550,0
DA:5552,0
DA:5555,0
DA:5556,0
DA:5557,0
DA:5558,0
DA:5560,0
DA:5561,0
DA:5562,0
DA:5563,0
DA:5564,0
DA:5566,0
DA:5568,0
DA:5570,0
DA:5573,0
DA:5574,0
DA:5575,0
DA:5576,0
DA:5577,0
DA:5580,0
DA:5581,0
DA:5582,0
DA:5583,0
DA:5584,0
DA:5587,0
DA:5588,0
DA:5589,0
DA:5590,0
DA:5591,0
DA:5594,0
DA:5595,0
DA:5596,0
DA:5598,0
DA:5604,0
DA:5605,0
DA:5606,0
DA:5608,0
DA:5614,0
DA:5615,0
DA:5616,0
DA:5617,0
DA:5620,0
DA:5621,0
DA:5622,0
DA:5623,0
DA:5626,0
DA:5627,0
DA:5628,0
DA:5629,0
DA:5632,0
DA:5633,0
DA:5634,0
DA:5635,0
DA:5639,0
DA:5640,0
DA:5641,0
DA:5644,0
DA:5645,0
DA:5646,0
DA:5647,0
DA:5648,0
DA:5649,0
DA:5650,0
DA:5653,0
DA:5654,0
DA:5655,0
DA:5656,0
DA:5657,0
DA:5660,0
DA:5663,0
DA:5664,0
DA:5665,0
DA:5666,0
DA:5667,0
DA:5668,0
DA:5669,0
DA:5672,0
DA:5673,0
DA:5674,0
DA:5675,0
DA:5676,0
DA:5679,0
DA:5682,0
DA:5683,0
DA:5684,0
DA:5685,0
DA:5686,0
DA:5687,0
DA:5690,0
DA:5691,0
DA:5692,0
DA:5693,0
DA:5694,0
DA:5695,0
DA:5696,0
DA:5699,0
DA:5700,0
DA:5701,0
DA:5702,0
DA:5703,0
DA:5704,0
DA:5705,0
DA:5708,0
DA:5709,0
DA:5710,0
DA:5711,0
DA:5712,0
DA:5713,0
DA:5714,0
DA:5715,0
DA:5716,0
DA:5719,0
DA:5720,0
DA:5721,0
DA:5722,0
DA:5723,0
DA:5724,0
DA:5725,0
DA:5726,0
DA:5727,0
DA:5730,0
DA:5731,0
DA:5732,0
DA:5733,0
DA:5734,0
DA:5736,0
DA:5739,0
DA:5740,0
DA:5741,0
DA:5742,0
DA:5743,0
DA:5744,0
DA:5745,0
DA:5747,0
DA:5750,0
DA:5753,0
DA:5754,0
DA:5755,0
DA:5756,0
DA:5757,0
DA:5759,0
DA:5762,0
DA:5763,0
DA:5764,0
DA:5765,0
DA:5766,0
DA:5767,0
DA:5768,0
DA:5770,0
DA:5773,0
DA:5776,0
DA:5777,0
DA:5778,0
DA:5779,0
DA:5780,0
DA:5781,0
DA:5782,0
DA:5785,0
DA:5786,0
DA:5787,0
DA:5788,0
DA:5789,0
DA:5790,0
DA:5791,0
DA:5794,0
DA:5795,0
DA:5796,0
DA:5797,0
DA:5798,0
DA:5799,0
DA:5800,0
DA:5803,0
DA:5804,0
DA:5805,0
DA:5806,0
DA:5807,0
DA:5808,0
DA:5809,0
DA:5810,0
DA:5811,0
DA:5814,0
DA:5815,0
DA:5816,0
DA:5817,0
DA:5818,0
DA:5819,0
DA:5820,0
DA:5821,0
DA:5822,0
DA:5823,0
DA:5827,0
DA:5828,0
DA:5832,0
DA:5833,0
DA:5834,0
DA:5835,0
DA:5837,0
DA:5838,0
DA:5841,0
DA:5842,0
DA:5845,0
DA:5846,0
DA:5850,0
DA:5851,0
DA:5852,0
DA:5853,0
DA:5855,0
DA:5856,0
DA:5859,0
DA:5860,0
DA:5863,0
DA:5864,0
DA:5868,0
DA:5869,0
DA:5870,0
DA:5871,0
DA:5872,0
DA:5873,0
DA:5876,0
DA:5877,0
DA:5880,0
DA:5881,0
DA:5883,0
DA:5884,0
DA:5887,0
DA:5888,0
DA:5889,0
DA:5892,0
DA:5895,0
DA:5897,0
DA:5898,0
DA:5900,0
DA:5902,0
DA:5903,0
DA:5906,0
DA:5913,0
DA:5920,0
DA:5922,0
DA:5923,0
DA:5924,0
DA:5925,0
DA:5926,0
DA:5927,0
DA:5928,0
DA:5929,0
DA:5931,0
DA:5932,0
DA:5933,0
DA:5934,0
DA:5937,0
DA:5938,0
DA:5940,0
DA:5941,0
DA:5943,0
DA:5944,0
DA:5948,0
DA:5949,0
DA:5952,0
DA:5953,0
DA:5956,0
DA:5957,0
DA:5959,0
DA:5962,0
DA:5963,0
DA:5964,0
DA:5967,0
DA:5970,0
DA:5971,0
DA:5972,0
DA:5976,0
DA:5982,0
DA:5986,0
DA:5988,0
DA:5990,0
DA:5991,0
DA:5993,0
DA:5997,0
DA:5998,0
DA:6002,0
DA:6003,0
DA:6007,0
DA:6009,0
DA:6010,0
DA:6011,0
DA:6013,0
DA:6014,0
DA:6017,0
DA:6019,0
DA:6021,0
DA:6023,0
DA:6024,0
DA:6025,0
DA:6027,0
DA:6028,0
DA:6032,0
DA:6034,0
DA:6038,0
DA:6039,0
DA:6040,0
DA:6041,0
DA:6045,0
DA:6046,0
DA:6048,0
DA:6051,0
DA:6054,0
DA:6055,0
DA:6056,0
DA:6057,0
DA:6058,0
DA:6059,0
DA:6063,0
DA:6064,0
DA:6065,0
DA:6070,0
DA:6071,0
DA:6072,0
DA:6079,0
DA:6083,0
DA:6087,0
DA:6088,0
DA:6090,0
DA:6092,0
DA:6097,0
DA:6098,0
DA:6099,0
DA:6101,0
DA:6102,0
DA:6103,0
DA:6104,0
DA:6105,0
DA:6108,0
DA:6112,0
DA:6116,0
DA:6117,0
DA:6118,0
DA:6120,0
DA:6124,0
DA:6128,0
DA:6133,0
DA:6134,0
DA:6135,0
DA:6136,0
DA:6137,0
DA:6138,0
DA:6139,0
DA:6140,0
DA:6141,0
DA:6142,0
DA:6147,0
DA:6148,0
DA:6151,0
DA:6153,0
DA:6154,0
DA:6155,0
DA:6159,0
DA:6162,0
DA:6163,0
DA:6164,0
DA:6165,0
DA:6166,0
DA:6167,0
DA:6169,0
DA:6173,0
DA:6174,0
DA:6175,0
DA:6177,0
DA:6178,0
DA:6179,0
DA:6180,0
DA:6182,0
DA:6183,0
DA:6185,0
DA:6186,0
DA:6190,0
DA:6196,0
DA:6197,0
DA:6198,0
DA:6199,0
DA:6202,0
DA:6203,0
DA:6205,0
DA:6206,0
DA:6207,0
DA:6208,0
DA:6209,0
DA:6210,0
DA:6211,0
DA:6213,0
DA:6214,0
DA:6216,0
DA:6217,0
DA:6218,0
DA:6221,0
DA:6226,0
DA:6227,0
DA:6228,0
DA:6230,0
DA:6235,0
DA:6236,0
DA:6238,0
DA:6243,0
DA:6248,0
DA:6249,0
DA:6251,0
DA:6254,0
DA:6264,0
DA:6267,0
DA:6268,0
DA:6269,0
DA:6273,0
DA:6274,0
DA:6275,0
DA:6276,0
DA:6277,0
DA:6279,0
DA:6283,0
DA:6284,0
DA:6285,0
DA:6286,0
DA:6288,0
DA:6292,0
DA:6293,0
DA:6295,0
DA:6296,0
DA:6298,0
DA:6302,0
DA:6303,0
DA:6304,0
DA:6305,0
DA:6306,0
DA:6307,0
DA:6308,0
DA:6311,0
DA:6312,0
DA:6313,0
DA:6315,0
DA:6318,0
DA:6322,0
DA:6323,0
DA:6324,0
DA:6325,0
DA:6328,0
DA:6334,0
DA:6336,0
DA:6337,0
DA:6340,0
DA:6342,0
DA:6343,0
DA:6344,0
DA:6345,0
DA:6346,0
DA:6348,0
DA:6351,0
DA:6355,0
DA:6357,0
DA:6359,0
DA:6360,0
DA:6363,0
DA:6364,0
DA:6367,0
DA:6368,0
DA:6369,0
DA:6370,0
DA:6372,0
DA:6375,0
DA:6376,0
DA:6377,0
DA:6378,0
DA:6380,0
DA:6382,0
DA:6389,0
DA:6391,0
DA:6393,0
DA:6396,0
DA:6397,0
DA:6405,0
DA:6407,0
DA:6408,0
DA:6410,0
DA:6411,0
DA:6414,0
DA:6415,0
DA:6416,0
DA:6417,0
DA:6420,0
DA:6421,0
DA:6424,0
DA:6432,0
DA:6434,0
DA:6435,0
DA:6436,0
DA:6437,0
DA:6439,0
DA:6440,0
DA:6441,0
DA:6442,0
DA:6445,0
DA:6446,0
DA:6451,0
DA:6452,0
DA:6454,0
DA:6462,0
DA:6463,0
DA:6464,0
DA:6466,0
DA:6470,0
DA:6471,0
DA:6474,0
DA:6475,0
DA:6476,0
DA:6477,0
DA:6480,0
DA:6486,0
DA:6488,0
DA:6491,0
DA:6492,0
DA:6493,0
DA:6498,0
DA:6500,0
DA:6503,0
DA:6504,0
DA:6505,0
DA:6511,0
DA:6513,0
DA:6514,0
DA:6516,0
DA:6517,0
DA:6520,0
DA:6521,0
DA:6522,0
DA:6525,0
DA:6526,0
DA:6529,0
DA:6530,0
DA:6533,0
DA:6536,0
DA:6537,0
DA:6541,0
DA:6544,0
DA:6545,0
DA:6546,0
DA:6547,0
DA:6548,0
DA:6551,0
DA:6553,0
DA:6555,0
DA:6556,0
DA:6557,0
DA:6558,0
DA:6561,0
DA:6572,0
DA:6575,0
DA:6576,0
DA:6577,0
DA:6579,0
DA:6580,0
DA:6581,0
DA:6582,0
DA:6584,0
DA:6586,0
DA:6587,0
DA:6589,0
DA:6590,0
DA:6592,0
DA:6593,0
DA:6594,0
DA:6597,0
DA:6598,0
DA:6601,0
DA:6602,0
DA:6604,0
DA:6605,0
DA:6608,0
DA:6609,0
DA:6611,0
DA:6612,0
DA:6615,0
DA:6616,0
DA:6618,0
DA:6619,0
DA:6620,0
DA:6621,0
DA:6623,0
DA:6625,0
DA:6627,0
DA:6630,0
DA:6631,0
DA:6633,0
DA:6634,0
DA:6637,0
DA:6638,0
DA:6640,0
DA:6641,0
DA:6645,0
DA:6646,0
DA:6648,0
DA:6649,0
DA:6653,0
DA:6654,0
DA:6656,0
DA:6659,0
DA:6684,0
DA:6686,0
DA:6687,0
DA:6688,0
DA:6689,0
DA:6690,0
DA:6691,0
DA:6692,0
DA:6694,0
DA:6696,0
DA:6697,0
DA:6698,0
DA:6699,0
DA:6701,0
DA:6702,0
DA:6703,0
DA:6704,0
DA:6706,0
DA:6707,0
DA:6708,0
DA:6709,0
DA:6711,0
DA:6712,0
DA:6714,0
DA:6717,0
DA:6719,0
DA:6720,0
DA:6721,0
DA:6722,0
DA:6723,0
DA:6724,0
DA:6725,0
DA:6727,0
DA:6729,0
DA:6730,0
DA:6731,0
DA:6733,0
DA:6734,0
DA:6735,0
DA:6736,0
DA:6738,0
DA:6739,0
DA:6741,0
DA:6743,0
DA:6744,0
DA:6745,0
DA:6748,0
DA:6749,0
DA:6750,0
DA:6751,0
DA:6752,0
DA:6753,0
DA:6755,0
DA:6756,0
DA:6760,0
DA:6762,0
DA:6763,0
DA:6764,0
DA:6766,0
DA:6776,0
DA:6777,0
DA:6778,0
DA:6781,0
DA:6785,0
DA:6794,0
DA:6797,0
DA:6798,0
DA:6799,0
DA:6801,0
DA:6802,0
DA:6803,0
DA:6804,0
DA:6805,0
DA:6806,0
DA:6807,0
DA:6812,0
DA:6813,0
DA:6814,0
DA:6816,0
DA:6817,0
DA:6818,0
DA:6822,0
DA:6823,0
DA:6824,0
DA:6828,0
DA:6829,0
DA:6830,0
DA:6831,0
DA:6833,0
DA:6834,0
DA:6836,0
DA:6837,0
DA:6838,0
DA:6840,0
DA:6843,0
DA:6844,0
DA:6845,0
DA:6846,0
DA:6848,0
DA:6849,0
DA:6851,0
DA:6852,0
DA:6853,0
DA:6855,0
DA:6858,0
DA:6864,0
DA:6866,0
DA:6867,0
DA:6868,0
DA:6869,0
DA:6870,0
DA:6875,0
DA:6876,0
DA:6877,0
DA:6878,0
DA:6879,0
DA:6880,0
DA:6881,0
DA:6882,0
DA:6883,0
DA:6884,0
DA:6885,0
DA:6887,0
DA:6888,0
DA:6892,0
DA:6893,0
DA:6894,0
DA:6895,0
DA:6897,0
DA:6898,0
DA:6900,0
DA:6901,0
DA:6902,0
DA:6903,0
DA:6904,0
DA:6905,0
DA:6908,0
DA:6909,0
DA:6910,0
DA:6913,0
DA:6914,0
DA:6915,0
DA:6916,0
DA:6917,0
DA:6918,0
DA:6919,0
DA:6920,0
DA:6921,0
DA:6922,0
DA:6923,0
DA:6925,0
DA:6926,0
DA:6927,0
DA:6928,0
DA:6929,0
DA:6933,0
DA:6934,0
DA:6935,0
DA:6936,0
DA:6937,0
DA:6938,0
DA:6940,0
DA:6941,0
DA:6943,0
DA:6946,0
DA:6949,0
DA:6950,0
DA:6951,0
DA:6952,0
DA:6953,0
DA:6954,0
DA:6955,0
DA:6958,0
DA:6959,0
DA:6960,0
DA:6962,0
DA:6965,0
DA:6966,0
DA:6968,0
DA:6969,0
DA:6970,0
DA:6971,0
DA:6972,0
DA:6973,0
DA:6974,0
DA:6979,0
DA:6980,0
DA:6981,0
DA:6984,0
DA:6985,0
DA:6986,0
DA:6987,0
DA:6989,0
DA:6990,0
DA:6992,0
DA:6993,0
DA:6996,0
DA:6999,0
DA:7000,0
DA:7002,0
DA:7003,0
DA:7004,0
DA:7006,0
DA:7007,0
DA:7009,0
[...]
BRDA:3,333,0,0
BRDA:3,333,1,0
BRDA:3,334,0,0
BRDA:3,334,1,0
BRDA:3,335,0,0
BRDA:3,335,1,0
BRDA:3,336,0,0
BRDA:3,336,1,0
BRDA:3,337,0,0
BRDA:3,337,1,0
BRDA:3,338,0,0
BRDA:3,338,1,0
BRDA:3,339,0,0
BRDA:3,339,1,0
BRDA:3,340,0,0
BRDA:3,340,1,0
BRDA:3,341,0,0
BRDA:3,341,1,0
BRDA:3,342,0,0
BRDA:3,342,1,0
BRDA:3,343,0,0
BRDA:3,343,1,0
BRDA:3,344,0,0
BRDA:3,344,1,0
BRDA:3,345,0,0
BRDA:3,345,1,0
BRDA:3,346,0,0
BRDA:3,346,1,0
BRDA:3,347,0,0
BRDA:3,347,1,0
BRDA:3,348,0,0
BRDA:3,348,1,0
BRDA:3,349,0,0
BRDA:3,349,1,0
BRDA:3,350,0,0
BRDA:3,350,1,0
BRDA:3,351,0,0
BRDA:3,351,1,0
BRDA:3,352,0,0
BRDA:3,352,1,0
BRDA:3,353,0,0
BRDA:3,353,1,0
BRDA:3,354,0,0
BRDA:3,354,1,0
BRDA:3,355,0,0
BRDA:3,355,1,0
BRDA:3,356,0,0
BRDA:3,356,1,0
BRDA:3,357,0,0
BRDA:3,357,1,0
BRDA:3,358,0,0
BRDA:3,358,1,0
BRDA:3,359,0,0
BRDA:3,359,1,0
BRDA:3,360,0,0
BRDA:3,360,1,0
BRDA:3,361,0,0
BRDA:3,361,1,0
BRDA:3,362,0,0
BRDA:3,362,1,0
BRDA:3,363,0,0
BRDA:3,363,1,0
BRDA:3,364,0,0
BRDA:3,364,1,0
BRDA:3,365,0,0
BRDA:3,365,1,0
BRDA:3,366,0,0
BRDA:3,366,1,0
BRDA:3,367,0,0
BRDA:3,367,1,0
BRDA:3,368,0,0
BRDA:3,368,1,0
BRDA:3,369,0,0
BRDA:3,369,1,0
BRDA:3,370,0,0
BRDA:3,370,1,0
BRDA:3,371,0,0
BRDA:3,371,1,0
BRDA:3,372,0,0
BRDA:3,372,1,0
BRDA:3,373,0,0
BRDA:3,373,1,0
BRDA:3,374,0,0
BRDA:3,374,1,0
BRDA:3,375,0,0
BRDA:3,375,1,0
BRDA:3,375,2,0
BRDA:3,375,3,0
BRDA:3,375,4,0
BRDA:3,375,5,0
BRDA:3,375,6,0
BRDA:3,375,7,0
BRDA:3,375,8,0
BRDA:3,375,9,0
BRDA:3,376,0,0
BRDA:3,376,1,0
BRDA:3,377,0,0
BRDA:3,377,1,0
BRDA:3,378,0,0
BRDA:3,378,1,0
BRDA:3,379,0,0
BRDA:3,379,1,0
BRDA:3,380,0,0
BRDA:3,380,1,0
BRDA:3,381,0,0
BRDA:3,381,1,0
BRDA:3,382,0,0
BRDA:3,382,1,0
BRDA:3,383,0,0
BRDA:3,383,1,0
BRDA:3,384,0,0
BRDA:3,384,1,0
BRDA:3,385,0,0
BRDA:3,385,1,0
BRDA:3,386,0,0
BRDA:3,386,1,0
BRDA:3,387,0,0
BRDA:3,387,1,0
BRDA:3,388,0,0
BRDA:3,388,1,0
BRDA:3,389,0,0
BRDA:3,389,1,0
BRDA:3,390,0,0
BRDA:3,390,1,0
BRDA:3,391,0,0
BRDA:3,391,1,0
BRDA:3,392,0,0
BRDA:3,392,1,0
BRDA:3,393,0,0
BRDA:3,393,1,0
BRDA:3,394,0,0
BRDA:3,394,1,0
BRDA:3,395,0,0
BRDA:3,395,1,0
BRDA:3,396,0,0
BRDA:3,396,1,0
BRDA:3,397,0,0
BRDA:3,397,1,0
BRDA:3,398,0,0
BRDA:3,398,1,0
BRDA:3,399,0,0
BRDA:3,399,1,0
BRDA:3,400,0,0
BRDA:3,400,1,0
BRDA:3,401,0,0
BRDA:3,401,1,0
BRDA:3,402,0,0
BRDA:3,402,1,0
BRDA:3,403,0,0
BRDA:3,403,1,0
BRDA:3,404,0,0
BRDA:3,404,1,0
BRDA:3,405,0,0
BRDA:3,405,1,0
BRDA:3,406,0,0
BRDA:3,406,1,0
BRDA:3,407,0,0
BRDA:3,407,1,0
BRDA:3,408,0,0
BRDA:3,408,1,0
BRDA:3,409,0,0
BRDA:3,409,1,0
BRDA:3,410,0,0
BRDA:3,410,1,0
BRDA:3,411,0,0
BRDA:3,411,1,0
BRDA:3,412,0,0
BRDA:3,412,1,0
BRDA:3,413,0,0
BRDA:3,413,1,0
BRDA:3,414,0,0
BRDA:3,414,1,0
BRDA:3,415,0,0
BRDA:3,415,1,0
BRDA:3,416,0,0
BRDA:3,416,1,0
BRDA:3,417,0,0
BRDA:3,417,1,0
BRDA:3,418,0,0
BRDA:3,418,1,0
BRDA:3,419,0,0
BRDA:3,419,1,0
BRDA:3,420,0,0
BRDA:3,420,1,0
BRDA:3,421,0,0
BRDA:3,421,1,0
BRDA:3,422,0,0
BRDA:3,422,1,0
BRDA:3,423,0,0
BRDA:3,423,1,0
BRDA:3,424,0,0
BRDA:3,424,1,0
BRDA:3,425,0,0
BRDA:3,425,1,0
BRDA:3,426,0,0
BRDA:3,426,1,0
BRDA:3,427,0,0
BRDA:3,427,1,0
BRDA:3,428,0,0
BRDA:3,428,1,0
BRDA:3,429,0,0
BRDA:3,429,1,0
BRDA:3,430,0,0
BRDA:3,430,1,0
BRDA:3,431,0,0
BRDA:3,431,1,0
BRDA:3,432,0,0
BRDA:3,432,1,0
BRDA:3,433,0,0
BRDA:3,433,1,0
BRDA:3,434,0,0
BRDA:3,434,1,0
BRDA:3,435,0,0
BRDA:3,435,1,0
BRDA:3,436,0,0
BRDA:3,436,1,0
BRDA:3,437,0,0
BRDA:3,437,1,0
BRDA:3,438,0,0
BRDA:3,438,1,0
BRDA:3,439,0,0
BRDA:3,439,1,0
BRDA:3,440,0,0
BRDA:3,440,1,0
BRDA:3,441,0,0
BRDA:3,441,1,0
BRDA:3,442,0,0
BRDA:3,442,1,0
BRDA:3,443,0,0
BRDA:3,443,1,0
BRDA:3,444,0,0
BRDA:3,444,1,0
BRDA:3,445,0,0
BRDA:3,445,1,0
BRDA:3,446,0,0
BRDA:3,446,1,0
BRDA:3,447,0,0
BRDA:3,447,1,0
BRDA:3,448,0,0
BRDA:3,448,1,0
BRDA:3,449,0,0
BRDA:3,449,1,0
BRDA:3,450,0,0
BRDA:3,450,1,0
BRDA:3,451,0,0
BRDA:3,451,1,0
BRDA:4,452,0,0
BRDA:4,452,1,0
BRDA:4,453,0,0
BRDA:4,453,1,0
BRDA:4,454,0,0
BRDA:4,454,1,0
BRDA:4,455,0,0
BRDA:4,455,1,0
BRDA:4,456,0,0
BRDA:4,456,1,0
BRDA:4,457,0,0
BRDA:4,457,1,0
BRDA:4,458,0,0
BRDA:4,458,1,0
BRDA:4,459,0,0
BRDA:4,459,1,0
BRDA:4,460,0,0
BRDA:4,460,1,0
BRDA:4,461,0,0
BRDA:4,461,1,0
BRDA:4,462,0,0
BRDA:4,462,1,0
BRDA:4,463,0,0
BRDA:4,463,1,0
BRDA:4,464,0,0
BRDA:4,464,1,0
BRDA:4,465,0,0
BRDA:4,465,1,0
BRDA:4,466,0,0
BRDA:4,466,1,0
BRDA:4,467,0,0
BRDA:4,467,1,0
BRDA:4,468,0,0
BRDA:4,468,1,0
BRDA:4,469,0,0
BRDA:4,469,1,0
BRDA:4,470,0,0
BRDA:4,470,1,0
BRDA:4,471,0,0
BRDA:4,471,1,0
BRDA:4,472,0,0
BRDA:4,472,1,0
BRDA:4,473,0,0
BRDA:4,473,1,0
BRDA:4,474,0,0
BRDA:4,474,1,0
BRDA:4,475,0,0
BRDA:4,475,1,0
BRDA:4,476,0,0
BRDA:4,476,1,0
BRDA:4,477,0,0
BRDA:4,477,1,0
BRDA:4,478,0,0
BRDA:4,478,1,0
BRDA:4,479,0,0
BRDA:4,479,1,0
BRDA:4,480,0,0
BRDA:4,480,1,0
BRDA:4,481,0,0
BRDA:4,481,1,0
BRDA:4,482,0,0
BRDA:4,482,1,0
BRDA:4,483,0,0
BRDA:4,483,1,0
BRDA:4,484,0,0
BRDA:4,484,1,0
BRDA:4,485,0,0
BRDA:4,485,1,0
BRDA:4,486,0,0
BRDA:4,486,1,0
BRDA:4,487,0,0
BRDA:4,487,1,0
BRDA:4,488,0,0
BRDA:4,488,1,0
BRDA:4,489,0,0
BRDA:4,489,1,0
BRDA:4,490,0,0
BRDA:4,490,1,0
BRDA:4,491,0,0
BRDA:4,491,1,0
BRDA:4,492,0,0
BRDA:4,492,1,0
BRDA:4,493,0,0
BRDA:4,493,1,0
BRDA:4,494,0,0
BRDA:4,494,1,0
BRDA:4,495,0,0
BRDA:4,495,1,0
BRDA:4,496,0,0
BRDA:4,496,1,0
BRDA:4,497,0,0
BRDA:4,497,1,0
BRDA:4,498,0,0
BRDA:4,498,1,0
BRDA:4,499,0,0
BRDA:4,499,1,0
BRDA:4,500,0,0
BRDA:4,500,1,0
BRDA:4,501,0,0
BRDA:4,501,1,0
BRDA:4,502,0,0
BRDA:4,502,1,0
BRDA:4,503,0,0
BRDA:4,503,1,0
BRDA:4,504,0,0
BRDA:4,504,1,0
BRDA:4,505,0,0
BRDA:4,505,1,0
BRDA:4,506,0,0
BRDA:4,506,1,0
BRDA:4,507,0,0
BRDA:4,507,1,0
BRDA:4,508,0,0
BRDA:4,508,1,0
BRDA:4,509,0,0
BRDA:4,509,1,0
BRDA:4,510,0,0
BRDA:4,510,1,0
BRDA:4,511,0,0
BRDA:4,511,1,0
BRDA:4,512,0,0
BRDA:4,512,1,0
BRDA:4,513,0,0
BRDA:4,513,1,0
BRDA:4,514,0,0
BRDA:4,514,1,0
BRDA:4,515,0,0
BRDA:4,515,1,0
BRDA:4,516,0,0
BRDA:4,516,1,0
BRDA:4,517,0,0
BRDA:4,517,1,0
BRDA:4,518,0,0
BRDA:4,518,1,0
BRDA:4,518,2,0
BRDA:4,519,0,0
BRDA:4,519,1,0
BRDA:4,520,0,0
BRDA:4,520,1,0
BRDA:4,521,0,0
BRDA:4,521,1,0
BRDA:4,522,0,0
BRDA:4,522,1,0
BRDA:4,523,0,0
BRDA:4,523,1,0
BRDA:4,524,0,0
BRDA:4,524,1,0
BRDA:4,525,0,0
BRDA:4,525,1,0
BRDA:4,526,0,0
BRDA:4,526,1,0
BRDA:4,527,0,0
BRDA:4,527,1,0
BRDA:4,528,0,0
BRDA:4,528,1,0
BRDA:4,529,0,0
BRDA:4,529,1,0
BRDA:4,530,0,0
BRDA:4,530,1,0
BRDA:4,531,0,0
BRDA:4,531,1,0
BRDA:4,532,0,0
BRDA:4,532,1,0
BRDA:4,533,0,0
BRDA:4,533,1,0
BRDA:4,534,0,0
BRDA:4,534,1,0
BRDA:4,535,0,0
BRDA:4,535,1,0
BRDA:4,536,0,0
BRDA:4,536,1,0
BRDA:4,537,0,0
BRDA:4,537,1,0
BRDA:4,538,0,0
BRDA:4,538,1,0
BRDA:4,539,0,0
BRDA:4,539,1,0
BRDA:4,540,0,0
BRDA:4,540,1,0
BRDA:4,540,2,0
BRDA:4,540,3,0
BRDA:4,541,0,0
BRDA:4,541,1,0
BRDA:4,542,0,0
BRDA:4,542,1,0
BRDA:4,542,2,0
BRDA:4,543,0,0
BRDA:4,543,1,0
BRDA:4,544,0,0
BRDA:4,544,1,0
BRDA:4,544,2,0
BRDA:4,545,0,0
BRDA:4,545,1,0
BRDA:4,546,0,0
BRDA:4,546,1,0
BRDA:4,547,0,0
BRDA:4,547,1,0
BRDA:4,548,0,0
BRDA:4,548,1,0
BRDA:4,549,0,0
BRDA:4,549,1,0
BRDA:4,550,0,0
BRDA:4,550,1,0
BRDA:4,551,0,0
BRDA:4,551,1,0
BRDA:4,552,0,0
BRDA:4,552,1,0
BRDA:4,553,0,0
BRDA:4,553,1,0
BRDA:4,554,0,0
BRDA:4,554,1,0
BRDA:4,555,0,0
BRDA:4,555,1,0
BRDA:4,556,0,0
BRDA:4,556,1,0
BRDA:4,556,2,0
BRDA:4,557,0,0
BRDA:4,557,1,0
BRDA:4,558,0,0
BRDA:4,558,1,0
BRDA:4,559,0,0
BRDA:4,559,1,0
BRDA:4,560,0,0
BRDA:4,560,1,0
BRDA:4,560,2,0
BRDA:4,561,0,0
BRDA:4,561,1,0
BRDA:4,562,0,0
BRDA:4,562,1,0
BRDA:4,563,0,0
BRDA:4,563,1,0
BRDA:4,564,0,0
BRDA:4,564,1,0
BRDA:4,565,0,0
BRDA:4,565,1,0
BRDA:4,566,0,0
BRDA:4,566,1,0
BRDA:4,567,0,0
BRDA:4,567,1,0
BRDA:4,568,0,0
BRDA:4,568,1,0
BRDA:4,569,0,0
BRDA:4,569,1,0
BRDA:4,570,0,0
BRDA:4,570,1,0
BRDA:4,571,0,0
BRDA:4,571,1,0
BRDA:4,572,0,0
BRDA:4,572,1,0
BRDA:4,573,0,0
BRDA:4,573,1,0
BRDA:4,574,0,0
BRDA:4,574,1,0
BRDA:4,575,0,0
BRDA:4,575,1,0
BRDA:4,576,0,0
BRDA:4,576,1,0
BRDA:4,576,2,0
BRDA:4,576,3,0
BRDA:4,576,4,0
BRDA:4,576,5,0
BRDA:4,577,0,0
BRDA:4,577,1,0
BRDA:4,578,0,0
BRDA:4,578,1,0
BRDA:4,579,0,0
BRDA:4,579,1,0
BRDA:4,580,0,0
BRDA:4,580,1,0
BRDA:4,581,0,0
BRDA:4,581,1,0
BRDA:4,582,0,0
BRDA:4,582,1,0
BRDA:4,583,0,0
BRDA:4,583,1,0
BRDA:4,584,0,0
BRDA:4,584,1,0
BRDA:4,585,0,0
BRDA:4,585,1,0
BRDA:4,586,0,0
BRDA:4,586,1,0
BRDA:4,586,2,0
BRDA:4,587,0,0
BRDA:4,587,1,0
BRDA:4,588,0,0
BRDA:4,588,1,0
BRDA:4,588,2,0
BRDA:4,588,3,0
BRDA:4,589,0,0
BRDA:4,589,1,0
BRDA:4,590,0,0
BRDA:4,590,1,0
BRDA:4,590,2,0
BRDA:4,590,3,0
BRDA:4,590,4,0
BRDA:4,590,5,0
BRDA:4,590,6,0
BRDA:4,591,0,0
BRDA:4,591,1,0
BRDA:4,592,0,0
BRDA:4,592,1,0
BRDA:4,593,0,0
BRDA:4,593,1,0
BRDA:4,594,0,0
BRDA:4,594,1,0
BRDA:4,595,0,0
BRDA:4,595,1,0
BRDA:4,596,0,0
BRDA:4,596,1,0
BRDA:4,597,0,0
BRDA:4,597,1,0
BRDA:4,598,0,0
BRDA:4,598,1,0
BRDA:4,599,0,0
BRDA:4,599,1,0
BRDA:4,600,0,0
BRDA:4,600,1,0
BRDA:4,601,0,0
BRDA:4,601,1,0
BRDA:4,601,2,0
BRDA:4,602,0,0
BRDA:4,602,1,0
BRDA:4,603,0,0
BRDA:4,603,1,0
BRDA:4,603,2,0
BRDA:4,603,3,0
BRDA:4,604,0,0
BRDA:4,604,1,0
BRDA:4,605,0,0
BRDA:4,605,1,0
BRDA:4,606,0,0
BRDA:4,606,1,0
BRDA:4,607,0,0
BRDA:4,607,1,0
BRDA:4,608,0,0
BRDA:4,608,1,0
BRDA:4,609,0,0
BRDA:4,609,1,0
BRDA:4,610,0,0
BRDA:4,610,1,0
BRDA:4,611,0,0
BRDA:4,611,1,0
BRDA:4,612,0,0
BRDA:4,612,1,0
BRDA:4,612,2,0
BRDA:4,612,3,0
BRDA:4,613,0,0
BRDA:4,613,1,0
BRDA:4,614,0,0
BRDA:4,614,1,0
BRDA:4,615,0,0
BRDA:4,615,1,0
BRDA:4,616,0,0
BRDA:4,616,1,0
BRDA:4,617,0,0
BRDA:4,617,1,0
BRDA:4,618,0,0
BRDA:4,618,1,0
BRDA:4,619,0,0
BRDA:4,619,1,0
BRDA:4,620,0,0
BRDA:4,620,1,0
BRDA:4,621,0,0
BRDA:4,621,1,0
BRDA:4,622,0,0
BRDA:4,622,1,0
BRDA:4,623,0,0
BRDA:4,623,1,0
BRDA:4,624,0,0
BRDA:4,624,1,0
BRDA:4,624,2,0
BRDA:4,624,3,0
BRDA:4,625,0,0
BRDA:4,625,1,0
BRDA:4,626,0,0
BRDA:4,626,1,0
BRDA:4,627,0,0
BRDA:4,627,1,0
BRDA:4,627,2,0
BRDA:4,627,3,0
BRDA:4,628,0,0
BRDA:4,628,1,0
BRDA:4,629,0,0
BRDA:4,629,1,0
BRDA:4,629,2,0
BRDA:4,629,3,0
BRDA:4,629,4,0
BRDA:4,629,5,0
BRDA:4,629,6,0
BRDA:4,630,0,0
BRDA:4,630,1,0
BRDA:4,631,0,0
BRDA:4,631,1,0
BRDA:4,632,0,0
BRDA:4,632,1,0
BRDA:4,633,0,0
BRDA:4,633,1,0
BRDA:4,634,0,0
BRDA:4,634,1,0
BRDA:4,635,0,0
BRDA:4,635,1,0
BRDA:4,636,0,0
BRDA:4,636,1,0
BRDA:4,637,0,0
BRDA:4,637,1,0
BRDA:4,638,0,0
BRDA:4,638,1,0
BRDA:4,639,0,0
BRDA:4,639,1,0
BRDA:4,640,0,0
BRDA:4,640,1,0
BRDA:4,641,0,0
BRDA:4,641,1,0
BRDA:4,642,0,0
BRDA:4,642,1,0
BRDA:4,643,0,0
BRDA:4,643,1,0
BRDA:4,644,0,0
BRDA:4,644,1,0
BRDA:4,645,0,0
BRDA:4,645,1,0
BRDA:4,646,0,0
BRDA:4,646,1,0
BRDA:4,647,0,0
BRDA:4,647,1,0
BRDA:4,648,0,0
BRDA:4,648,1,0
BRDA:4,649,0,0
BRDA:4,649,1,0
BRDA:4,649,2,0
BRDA:5,650,0,0
BRDA:5,650,1,0
BRDA:5,650,2,0
BRDA:5,651,0,0
BRDA:5,651,1,0
BRDA:5,652,0,0
BRDA:5,652,1,0
BRDA:5,653,0,0
BRDA:5,653,1,0
BRDA:5,653,2,0
BRDA:5,654,0,0
BRDA:5,654,1,0
BRDA:5,655,0,0
BRDA:5,655,1,0
BRDA:5,656,0,0
BRDA:5,656,1,0
BRDA:5,657,0,0
BRDA:5,657,1,0
BRDA:5,658,0,0
BRDA:5,658,1,0
BRDA:5,658,2,0
BRDA:5,659,0,0
BRDA:5,659,1,0
BRDA:5,660,0,0
BRDA:5,660,1,0
BRDA:5,661,0,0
BRDA:5,661,1,0
BRDA:5,662,0,0
BRDA:5,662,1,0
BRDA:5,663,0,0
BRDA:5,663,1,0
BRDA:5,664,0,0
BRDA:5,664,1,0
BRDA:5,665,0,0
BRDA:5,665,1,0
BRDA:5,665,2,0
BRDA:5,666,0,0
BRDA:5,666,1,0
BRDA:5,667,0,0
BRDA:5,667,1,0
BRDA:5,668,0,0
BRDA:5,668,1,0
BRDA:5,669,0,0
BRDA:5,669,1,0
BRDA:5,670,0,0
BRDA:5,670,1,0
BRDA:5,670,2,0
BRDA:5,670,3,0
BRDA:5,671,0,0
BRDA:5,671,1,0
BRDA:5,672,0,0
BRDA:5,672,1,0
BRDA:5,673,0,0
BRDA:5,673,1,0
BRDA:5,673,2,0
BRDA:5,673,3,0
BRDA:5,674,0,0
BRDA:5,674,1,0
BRDA:5,675,0,0
BRDA:5,675,1,0
BRDA:5,676,0,0
BRDA:5,676,1,0
BRDA:5,677,0,0
BRDA:5,677,1,0
BRDA:5,677,2,0
BRDA:5,678,0,0
BRDA:5,678,1,0
BRDA:5,678,2,0
BRDA:5,679,0,0
BRDA:5,679,1,0
BRDA:5,680,0,0
BRDA:5,680,1,0
BRDA:5,681,0,0
BRDA:5,681,1,0
BRDA:5,682,0,0
BRDA:5,682,1,0
BRDA:5,683,0,0
BRDA:5,683,1,0
BRDA:5,684,0,0
BRDA:5,684,1,0
BRDA:5,685,0,0
BRDA:5,685,1,0
BRDA:5,686,0,0
BRDA:5,686,1,0
BRDA:5,687,0,0
BRDA:5,687,1,0
BRDA:5,688,0,0
BRDA:5,688,1,0
BRDA:5,689,0,0
BRDA:5,689,1,0
BRDA:5,690,0,0
BRDA:5,690,1,0
BRDA:5,691,0,0
BRDA:5,691,1,0
BRDA:5,692,0,0
BRDA:5,692,1,0
BRDA:5,693,0,0
BRDA:5,693,1,0
BRDA:5,693,2,0
BRDA:5,694,0,0
BRDA:5,694,1,0
BRDA:5,695,0,0
BRDA:5,695,1,0
BRDA:5,696,0,0
BRDA:5,696,1,0
BRDA:5,697,0,0
BRDA:5,697,1,0
BRDA:5,698,0,0
BRDA:5,698,1,0
BRDA:5,699,0,0
BRDA:5,699,1,0
BRDA:5,700,0,0
BRDA:5,700,1,0
BRDA:5,701,0,0
BRDA:5,701,1,0
BRDA:5,702,0,0
BRDA:5,702,1,0
BRDA:5,703,0,0
BRDA:5,703,1,0
BRDA:5,704,0,0
BRDA:5,704,1,0
BRDA:5,705,0,0
BRDA:5,705,1,0
BRDA:5,705,2,0
BRDA:5,705,3,0
BRDA:5,706,0,0
BRDA:5,706,1,0
BRDA:5,707,0,0
BRDA:5,707,1,0
BRDA:5,707,2,0
BRDA:5,708,0,0
BRDA:5,708,1,0
BRDA:5,709,0,0
BRDA:5,709,1,0
BRDA:5,710,0,0
BRDA:5,710,1,0
BRDA:5,711,0,0
BRDA:5,711,1,0
BRDA:5,711,2,0
BRDA:5,712,0,0
BRDA:5,712,1,0
BRDA:5,713,0,0
BRDA:5,713,1,0
BRDA:5,714,0,0
BRDA:5,714,1,0
BRDA:5,715,0,0
BRDA:5,715,1,0
BRDA:5,716,0,0
BRDA:5,716,1,0
BRDA:5,717,0,0
BRDA:5,717,1,0
BRDA:5,718,0,0
BRDA:5,718,1,0
BRDA:5,719,0,0
BRDA:5,719,1,0
BRDA:5,719,2,0
BRDA:5,720,0,0
BRDA:5,720,1,0
BRDA:5,721,0,0
BRDA:5,721,1,0
BRDA:5,722,0,0
BRDA:5,722,1,0
BRDA:5,723,0,0
BRDA:5,723,1,0
BRDA:5,724,0,0
BRDA:5,724,1,0
BRDA:5,725,0,0
BRDA:5,725,1,0
BRDA:5,726,0,0
BRDA:5,726,1,0
BRDA:5,727,0,0
BRDA:5,727,1,0
BRDA:5,728,0,0
BRDA:5,728,1,0
BRDA:5,729,0,0
BRDA:5,729,1,0
BRDA:5,730,0,0
BRDA:5,730,1,0
BRDA:5,731,0,0
BRDA:5,731,1,0
BRDA:5,732,0,0
BRDA:5,732,1,0
BRDA:5,733,0,0
BRDA:5,733,1,0
BRDA:5,734,0,0
BRDA:5,734,1,0
BRDA:5,735,0,0
BRDA:5,735,1,0
BRDA:5,736,0,0
BRDA:5,736,1,0
BRDA:5,737,0,0
BRDA:5,737,1,0
BRDA:5,738,0,0
BRDA:5,738,1,0
BRDA:5,739,0,0
BRDA:5,739,1,0
BRDA:5,740,0,0
BRDA:5,740,1,0
BRDA:5,741,0,0
BRDA:5,741,1,0
BRDA:5,742,0,0
BRDA:5,742,1,0
BRDA:5,743,0,0
BRDA:5,743,1,0
BRDA:5,744,0,0
BRDA:5,744,1,0
BRDA:5,745,0,0
BRDA:5,745,1,0
BRDA:5,746,0,0
BRDA:5,746,1,0
BRDA:5,747,0,0
BRDA:5,747,1,0
BRDA:5,748,0,0
BRDA:5,748,1,0
BRDA:5,749,0,0
BRDA:5,749,1,0
BRDA:5,750,0,0
BRDA:5,750,1,0
BRDA:5,751,0,0
BRDA:5,751,1,0
BRDA:5,752,0,0
BRDA:5,752,1,0
BRDA:5,753,0,0
BRDA:5,753,1,0
BRDA:5,754,0,0
BRDA:5,754,1,0
BRDA:5,755,0,0
BRDA:5,755,1,0
BRDA:5,756,0,0
BRDA:5,756,1,0
BRDA:5,757,0,0
BRDA:5,757,1,0
BRDA:5,758,0,0
BRDA:5,758,1,0
BRDA:5,759,0,0
BRDA:5,759,1,0
BRDA:5,760,0,0
BRDA:5,760,1,0
BRDA:5,761,0,0
BRDA:5,761,1,0
BRDA:5,762,0,0
BRDA:5,762,1,0
BRDA:5,763,0,0
BRDA:5,763,1,0
BRDA:5,764,0,0
BRDA:5,764,1,0
BRDA:5,765,0,0
BRDA:5,765,1,0
BRDA:5,766,0,0
BRDA:5,766,1,0
BRDA:5,767,0,0
BRDA:5,767,1,0
BRDA:5,768,0,0
BRDA:5,768,1,0
BRDA:5,769,0,0
BRDA:5,769,1,0
BRDA:5,770,0,0
BRDA:5,770,1,0
BRDA:5,771,0,0
BRDA:5,771,1,0
BRDA:5,772,0,0
BRDA:5,772,1,0
BRDA:5,773,0,0
BRDA:5,773,1,0
BRDA:5,774,0,0
BRDA:5,774,1,0
BRDA:5,775,0,0
BRDA:5,775,1,0
BRDA:5,776,0,0
BRDA:5,776,1,0
BRDA:5,777,0,0
BRDA:5,777,1,0
BRDA:5,778,0,0
BRDA:5,778,1,0
BRDA:5,779,0,0
BRDA:5,779,1,0
BRDA:5,780,0,0
BRDA:5,780,1,0
BRDA:5,781,0,0
BRDA:5,781,1,0
BRDA:5,781,2,0
BRDA:5,781,3,0
BRDA:5,782,0,0
BRDA:5,782,1,0
BRDA:5,783,0,0
BRDA:5,783,1,0
BRDA:5,783,2,0
BRDA:5,784,0,0
BRDA:5,784,1,0
BRDA:5,785,0,0
BRDA:5,785,1,0
BRDA:5,786,0,0
BRDA:5,786,1,0
BRDA:5,787,0,0
BRDA:5,787,1,0
BRDA:5,788,0,0
BRDA:5,788,1,0
BRDA:5,789,0,0
BRDA:5,789,1,0
BRDA:5,790,0,0
BRDA:5,790,1,0
BRDA:5,791,0,0
BRDA:5,791,1,0
BRDA:5,792,0,0
BRDA:5,792,1,0
BRDA:5,793,0,0
BRDA:5,793,1,0
BRDA:5,794,0,0
BRDA:5,794,1,0
BRDA:5,795,0,0
BRDA:5,795,1,0
BRDA:5,796,0,0
BRDA:5,796,1,0
BRDA:5,797,0,0
BRDA:5,797,1,0
BRDA:5,798,0,0
BRDA:5,798,1,0
BRDA:5,799,0,0
BRDA:5,799,1,0
BRDA:5,800,0,0
BRDA:5,800,1,0
BRDA:5,801,0,0
BRDA:5,801,1,0
BRDA:5,802,0,0
BRDA:5,802,1,0
BRDA:5,803,0,0
BRDA:5,803,1,0
BRDA:5,803,2,0
BRDA:5,803,3,0
BRDA:5,803,4,0
BRDA:5,804,0,0
BRDA:5,804,1,0
BRDA:5,805,0,0
BRDA:5,805,1,0
BRDA:5,806,0,0
BRDA:5,806,1,0
BRDA:5,807,0,0
BRDA:5,807,1,0
BRDA:5,807,2,0
BRDA:5,808,0,0
BRDA:5,808,1,0
BRDA:5,808,2,0
BRDA:5,809,0,0
BRDA:5,809,1,0
BRDA:5,810,0,0
BRDA:5,810,1,0
BRDA:5,811,0,0
BRDA:5,811,1,0
BRDA:5,812,0,0
BRDA:5,812,1,0
BRDA:5,813,0,0
BRDA:5,813,1,0
BRDA:5,813,2,0
BRDA:5,813,3,0
BRDA:5,814,0,0
BRDA:5,814,1,0
BRDA:5,815,0,0
BRDA:5,815,1,0
BRDA:5,816,0,0
BRDA:5,816,1,0
BRDA:5,816,2,0
BRDA:5,817,0,0
BRDA:5,817,1,0
BRDA:5,818,0,0
BRDA:5,818,1,0
BRDA:5,818,2,0
BRDA:5,818,3,0
BRDA:5,819,0,0
BRDA:5,819,1,0
BRDA:5,820,0,0
BRDA:5,820,1,0
BRDA:5,821,0,0
BRDA:5,821,1,0
BRDA:5,822,0,0
BRDA:5,822,1,0
BRDA:5,823,0,0
BRDA:5,823,1,0
BRDA:5,824,0,0
BRDA:5,824,1,0
BRDA:5,825,0,0
BRDA:5,825,1,0
BRDA:5,826,0,0
BRDA:5,826,1,0
BRDA:5,827,0,0
BRDA:5,827,1,0
BRDA:5,828,0,0
BRDA:5,828,1,0
BRDA:5,829,0,0
BRDA:5,829,1,0
BRDA:5,830,0,0
BRDA:5,830,1,0
BRDA:5,830,2,0
BRDA:5,831,0,0
BRDA:5,831,1,0
BRDA:5,831,2,0
BRDA:5,831,3,0
BRDA:5,832,0,0
BRDA:5,832,1,0
BRDA:5,833,0,0
BRDA:5,833,1,0
BRDA:5,834,0,0
BRDA:5,834,1,0
BRDA:5,835,0,0
BRDA:5,835,1,0
BRDA:5,835,2,0
BRDA:5,835,3,0
BRDA:5,836,0,0
BRDA:5,836,1,0
BRDA:5,837,0,0
BRDA:5,837,1,0
BRDA:5,837,2,0
BRDA:5,837,3,0
BRDA:5,837,4,0
BRDA:5,837,5,0
BRDA:5,837,6,0
BRDA:5,837,7,0
BRDA:5,838,0,0
BRDA:5,838,1,0
BRDA:5,839,0,0
BRDA:5,839,1,0
BRDA:5,840,0,0
BRDA:5,840,1,0
BRDA:5,841,0,0
BRDA:5,841,1,0
BRDA:5,842,0,0
BRDA:5,842,1,0
BRDA:5,843,0,0
BRDA:5,843,1,0
BRDA:5,844,0,0
BRDA:5,844,1,0
BRDA:5,845,0,0
BRDA:5,845,1,0
BRDA:5,846,0,0
BRDA:5,846,1,0
BRDA:5,847,0,0
BRDA:5,847,1,0
BRDA:5,848,0,0
BRDA:5,848,1,0
BRDA:5,849,0,0
BRDA:5,849,1,0
BRDA:5,850,0,0
BRDA:5,850,1,0
BRDA:5,851,0,0
BRDA:5,851,1,0
BRDA:5,852,0,0
BRDA:5,852,1,0
BRDA:5,853,0,0
BRDA:5,853,1,0
BRDA:5,854,0,0
BRDA:5,854,1,0
BRDA:5,855,0,0
BRDA:5,855,1,0
BRDA:5,856,0,0
BRDA:5,856,1,0
BRDA:5,857,0,0
BRDA:5,857,1,0
BRDA:5,858,0,0
BRDA:5,858,1,0
BRDA:5,859,0,0
BRDA:5,859,1,0
BRDA:5,860,0,0
BRDA:5,860,1,0
BRDA:5,861,0,0
BRDA:5,861,1,0
BRDA:5,862,0,0
BRDA:5,862,1,0
BRDA:5,863,0,0
BRDA:5,863,1,0
BRDA:5,864,0,0
BRDA:5,864,1,0
BRDA:5,865,0,0
BRDA:5,865,1,0
BRDA:5,865,2,0
BRDA:5,866,0,0
BRDA:5,866,1,0
BRDA:5,867,0,0
BRDA:5,867,1,0
BRDA:5,868,0,0
BRDA:5,868,1,0
BRDA:5,869,0,0
BRDA:5,869,1,0
BRDA:5,869,2,0
BRDA:5,870,0,0
BRDA:5,870,1,0
BRDA:5,871,0,0
BRDA:5,871,1,0
BRDA:5,872,0,0
BRDA:5,872,1,0
BRDA:5,873,0,0
BRDA:5,873,1,0
BRDA:5,874,0,0
BRDA:5,874,1,0
BRDA:5,875,0,0
BRDA:5,875,1,0
BRDA:5,876,0,0
BRDA:5,876,1,0
BRDA:5,877,0,0
BRDA:5,877,1,0
BRDA:5,878,0,0
BRDA:5,878,1,0
BRDA:5,878,2,0
BRDA:5,878,3,0
BRDA:5,878,4,0
BRDA:5,878,5,0
BRDA:5,878,6,0
BRDA:5,879,0,0
BRDA:5,879,1,0
BRDA:5,880,0,0
BRDA:5,880,1,0
BRDA:5,881,0,0
BRDA:5,881,1,0
BRDA:5,882,0,0
BRDA:5,882,1,0
BRDA:5,882,2,0
BRDA:5,882,3,0
BRDA:5,882,4,0
BRDA:5,883,0,0
BRDA:5,883,1,0
BRDA:5,884,0,0
BRDA:5,884,1,0
BRDA:5,885,0,0
BRDA:5,885,1,0
BRDA:5,886,0,0
BRDA:5,886,1,0
BRDA:5,887,0,0
BRDA:5,887,1,0
BRDA:5,888,0,0
BRDA:5,888,1,0
BRDA:5,889,0,0
BRDA:5,889,1,0
BRDA:5,890,0,0
BRDA:5,890,1,0
BRDA:5,891,0,0
BRDA:5,891,1,0
BRDA:5,891,2,0
BRDA:5,892,0,0
BRDA:5,892,1,0
BRDA:5,893,0,0
BRDA:5,893,1,0
BRDA:5,894,0,0
BRDA:5,894,1,0
BRDA:5,895,0,0
BRDA:5,895,1,0
BRDA:5,896,0,0
BRDA:5,896,1,0
BRDA:5,897,0,0
BRDA:5,897,1,0
BRDA:5,898,0,0
BRDA:5,898,1,0
BRDA:5,899,0,0
BRDA:5,899,1,0
BRDA:5,900,0,0
BRDA:5,900,1,0
BRDA:5,901,0,0
BRDA:5,901,1,0
BRDA:5,902,0,0
BRDA:5,902,1,0
BRDA:5,903,0,0
BRDA:5,903,1,0
BRDA:5,904,0,0
BRDA:5,904,1,0
BRDA:5,905,0,0
BRDA:5,905,1,0
BRDA:5,906,0,0
BRDA:5,906,1,0
BRDA:5,906,2,0
BRDA:5,907,0,0
BRDA:5,907,1,0
BRDA:5,908,0,0
BRDA:5,908,1,0
BRDA:5,909,0,0
BRDA:5,909,1,0
BRDA:5,910,0,0
BRDA:5,910,1,0
BRDA:5,911,0,0
BRDA:5,911,1,0
BRDA:5,912,0,0
BRDA:5,912,1,0
BRDA:5,913,0,0
BRDA:5,913,1,0
BRDA:5,914,0,0
BRDA:5,914,1,0
BRDA:5,915,0,0
BRDA:5,915,1,0
BRDA:5,916,0,0
BRDA:5,916,1,0
BRDA:5,917,0,0
BRDA:5,917,1,0
BRDA:5,918,0,0
BRDA:5,918,1,0
BRDA:5,919,0,0
BRDA:5,919,1,0
BRDA:5,920,0,0
BRDA:5,920,1,0
BRDA:5,921,0,0
BRDA:5,921,1,0
BRDA:5,922,0,0
BRDA:5,922,1,0
BRDA:5,923,0,0
BRDA:5,923,1,0
BRDA:5,924,0,0
BRDA:5,924,1,0
BRDA:5,925,0,0
BRDA:5,925,1,0
BRDA:5,926,0,0
BRDA:5,926,1,0
BRDA:5,927,0,0
BRDA:5,927,1,0
BRDA:5,928,0,0
BRDA:5,928,1,0
BRDA:5,929,0,0
BRDA:5,929,1,0
BRDA:5,930,0,0
BRDA:5,930,1,0
BRDA:5,931,0,0
BRDA:5,931,1,0
BRDA:5,932,0,0
BRDA:5,932,1,0
BRDA:5,933,0,0
BRDA:5,933,1,0
BRDA:5,934,0,0
BRDA:5,934,1,0
BRDA:5,935,0,0
BRDA:5,935,1,0
BRDA:5,936,0,0
BRDA:5,936,1,0
BRDA:5,937,0,0
BRDA:5,937,1,0
BRDA:5,938,0,0
BRDA:5,938,1,0
BRDA:5,939,0,0
BRDA:5,939,1,0
BRDA:5,940,0,0
BRDA:5,940,1,0
BRDA:5,941,0,0
BRDA:5,941,1,0
BRDA:5,942,0,0
BRDA:5,942,1,0
BRDA:5,943,0,0
BRDA:5,943,1,0
BRDA:5,944,0,0
BRDA:5,944,1,0
BRDA:5,945,0,0
BRDA:5,945,1,0
BRDA:5,946,0,0
BRDA:5,946,1,0
BRDA:5,947,0,0
BRDA:5,947,1,0
BRDA:5,948,0,0
BRDA:5,948,1,0
BRDA:5,949,0,0
BRDA:5,949,1,0
BRDA:5,950,0,0
BRDA:5,950,1,0
BRDA:5,950,2,0
BRF:2026
BRH:0
end_of_record
